{"D:\\Projects\\auth-core-vault\\libs\\auth-vault\\src\\auth-vault.module.ts": {"path":"D:\\Projects\\auth-core-vault\\libs\\auth-vault\\src\\auth-vault.module.ts","statementMap":{"0":{"start":{"line":131,"column":0},"end":{"line":131,"column":16}},"1":{"start":{"line":1,"column":0},"end":{"line":1,"column":65}},"2":{"start":{"line":2,"column":0},"end":{"line":2,"column":43}},"3":{"start":{"line":3,"column":0},"end":{"line":3,"column":66}},"4":{"start":{"line":7,"column":0},"end":{"line":7,"column":56}},"5":{"start":{"line":8,"column":0},"end":{"line":8,"column":49}},"6":{"start":{"line":9,"column":0},"end":{"line":9,"column":null}},"7":{"start":{"line":17,"column":20},"end":{"line":17,"column":61}},"8":{"start":{"line":33,"column":28},"end":{"line":125,"column":null}},"9":{"start":{"line":39,"column":17},"end":{"line":39,"column":31}},"10":{"start":{"line":40,"column":34},"end":{"line":43,"column":6}},"11":{"start":{"line":44,"column":24},"end":{"line":44,"column":63}},"12":{"start":{"line":46,"column":4},"end":{"line":53,"column":6}},"13":{"start":{"line":70,"column":26},"end":{"line":70,"column":77}},"14":{"start":{"line":71,"column":34},"end":{"line":75,"column":6}},"15":{"start":{"line":77,"column":4},"end":{"line":84,"column":6}},"16":{"start":{"line":92,"column":22},"end":{"line":92,"column":52}},"17":{"start":{"line":93,"column":4},"end":{"line":100,"column":6}},"18":{"start":{"line":109,"column":22},"end":{"line":109,"column":62}},"19":{"start":{"line":110,"column":4},"end":{"line":117,"column":6}},"20":{"start":{"line":123,"column":4},"end":{"line":123,"column":46}},"21":{"start":{"line":33,"column":13},"end":{"line":33,"column":28}},"22":{"start":{"line":33,"column":13},"end":{"line":125,"column":null}},"23":{"start":{"line":134,"column":2},"end":{"line":140,"column":3}},"24":{"start":{"line":135,"column":4},"end":{"line":139,"column":6}},"25":{"start":{"line":142,"column":19},"end":{"line":142,"column":58}},"26":{"start":{"line":143,"column":2},"end":{"line":146,"column":6}},"27":{"start":{"line":144,"column":4},"end":{"line":146,"column":6}},"28":{"start":{"line":148,"column":2},"end":{"line":155,"column":4}},"29":{"start":{"line":153,"column":6},"end":{"line":153,"column":44}}},"fnMap":{"0":{"name":"(anonymous_1)","decl":{"start":{"line":38,"column":2},"end":{"line":38,"column":8}},"loc":{"start":{"line":38,"column":49},"end":{"line":54,"column":3}}},"1":{"name":"(anonymous_2)","decl":{"start":{"line":69,"column":2},"end":{"line":69,"column":8}},"loc":{"start":{"line":69,"column":58},"end":{"line":85,"column":3}}},"2":{"name":"(anonymous_3)","decl":{"start":{"line":91,"column":2},"end":{"line":91,"column":8}},"loc":{"start":{"line":91,"column":52},"end":{"line":101,"column":3}}},"3":{"name":"(anonymous_4)","decl":{"start":{"line":106,"column":2},"end":{"line":106,"column":8}},"loc":{"start":{"line":107,"column":46},"end":{"line":118,"column":3}}},"4":{"name":"(anonymous_5)","decl":{"start":{"line":120,"column":10},"end":{"line":120,"column":16}},"loc":{"start":{"line":121,"column":40},"end":{"line":124,"column":3}}},"5":{"name":"buildAsyncOptionsProvider","decl":{"start":{"line":131,"column":16},"end":{"line":131,"column":41}},"loc":{"start":{"line":132,"column":38},"end":{"line":156,"column":1}}},"6":{"name":"(anonymous_7)","decl":{"start":{"line":150,"column":16},"end":{"line":150,"column":21}},"loc":{"start":{"line":153,"column":6},"end":{"line":153,"column":44}}}},"branchMap":{"0":{"loc":{"start":{"line":48,"column":14},"end":{"line":48,"column":39}},"type":"binary-expr","locations":[{"start":{"line":48,"column":14},"end":{"line":48,"column":30}},{"start":{"line":48,"column":34},"end":{"line":48,"column":39}}]},"1":{"loc":{"start":{"line":79,"column":14},"end":{"line":79,"column":39}},"type":"binary-expr","locations":[{"start":{"line":79,"column":14},"end":{"line":79,"column":30}},{"start":{"line":79,"column":34},"end":{"line":79,"column":39}}]},"2":{"loc":{"start":{"line":134,"column":2},"end":{"line":140,"column":3}},"type":"if","locations":[{"start":{"line":134,"column":2},"end":{"line":140,"column":3}},{"start":{},"end":{}}]},"3":{"loc":{"start":{"line":138,"column":14},"end":{"line":138,"column":34}},"type":"binary-expr","locations":[{"start":{"line":138,"column":14},"end":{"line":138,"column":28}},{"start":{"line":138,"column":32},"end":{"line":138,"column":34}}]},"4":{"loc":{"start":{"line":142,"column":19},"end":{"line":142,"column":58}},"type":"binary-expr","locations":[{"start":{"line":142,"column":19},"end":{"line":142,"column":35}},{"start":{"line":142,"column":39},"end":{"line":142,"column":58}}]},"5":{"loc":{"start":{"line":143,"column":2},"end":{"line":146,"column":6}},"type":"if","locations":[{"start":{"line":143,"column":2},"end":{"line":146,"column":6}},{"start":{},"end":{}}]}},"s":{"0":2,"1":2,"2":2,"3":2,"4":2,"5":2,"6":2,"7":2,"8":2,"9":3,"10":3,"11":2,"12":2,"13":5,"14":4,"15":4,"16":2,"17":2,"18":3,"19":3,"20":5,"21":2,"22":2,"23":9,"24":5,"25":4,"26":4,"27":1,"28":3,"29":1},"f":{"0":3,"1":5,"2":2,"3":3,"4":5,"5":9,"6":1},"b":{"0":[2,1],"1":[4,1],"2":[5,4],"3":[5,1],"4":[4,2],"5":[1,3]}}
,"D:\\Projects\\auth-core-vault\\libs\\auth-vault\\src\\auth-vault.providers.ts": {"path":"D:\\Projects\\auth-core-vault\\libs\\auth-vault\\src\\auth-vault.providers.ts","statementMap":{"0":{"start":{"line":70,"column":0},"end":{"line":70,"column":16}},"1":{"start":{"line":106,"column":0},"end":{"line":106,"column":16}},"2":{"start":{"line":131,"column":0},"end":{"line":131,"column":16}},"3":{"start":{"line":159,"column":0},"end":{"line":159,"column":16}},"4":{"start":{"line":167,"column":0},"end":{"line":167,"column":16}},"5":{"start":{"line":277,"column":0},"end":{"line":277,"column":16}},"6":{"start":{"line":2,"column":0},"end":{"line":2,"column":44}},"7":{"start":{"line":3,"column":0},"end":{"line":3,"column":52}},"8":{"start":{"line":4,"column":0},"end":{"line":4,"column":null}},"9":{"start":{"line":9,"column":0},"end":{"line":9,"column":null}},"10":{"start":{"line":15,"column":0},"end":{"line":15,"column":null}},"11":{"start":{"line":19,"column":0},"end":{"line":19,"column":null}},"12":{"start":{"line":26,"column":0},"end":{"line":26,"column":88}},"13":{"start":{"line":38,"column":0},"end":{"line":38,"column":61}},"14":{"start":{"line":39,"column":0},"end":{"line":39,"column":56}},"15":{"start":{"line":40,"column":0},"end":{"line":40,"column":63}},"16":{"start":{"line":43,"column":34},"end":{"line":43,"column":76}},"17":{"start":{"line":45,"column":19},"end":{"line":45,"column":58}},"18":{"start":{"line":50,"column":20},"end":{"line":50,"column":67}},"19":{"start":{"line":51,"column":2},"end":{"line":66,"column":4}},"20":{"start":{"line":71,"column":2},"end":{"line":102,"column":4}},"21":{"start":{"line":75,"column":8},"end":{"line":75,"column":26}},"22":{"start":{"line":80,"column":53},"end":{"line":81,"column":53}},"23":{"start":{"line":81,"column":8},"end":{"line":81,"column":53}},"24":{"start":{"line":109,"column":23},"end":{"line":109,"column":60}},"25":{"start":{"line":110,"column":2},"end":{"line":127,"column":4}},"26":{"start":{"line":132,"column":2},"end":{"line":156,"column":4}},"27":{"start":{"line":135,"column":53},"end":{"line":135,"column":72}},"28":{"start":{"line":141,"column":8},"end":{"line":141,"column":52}},"29":{"start":{"line":147,"column":8},"end":{"line":147,"column":56}},"30":{"start":{"line":153,"column":8},"end":{"line":153,"column":52}},"31":{"start":{"line":160,"column":23},"end":{"line":160,"column":51}},"32":{"start":{"line":161,"column":2},"end":{"line":161,"column":66}},"33":{"start":{"line":161,"column":21},"end":{"line":161,"column":66}},"34":{"start":{"line":163,"column":2},"end":{"line":163,"column":74}},"35":{"start":{"line":170,"column":23},"end":{"line":170,"column":51}},"36":{"start":{"line":171,"column":2},"end":{"line":171,"column":66}},"37":{"start":{"line":171,"column":21},"end":{"line":171,"column":66}},"38":{"start":{"line":173,"column":23},"end":{"line":173,"column":60}},"39":{"start":{"line":175,"column":4},"end":{"line":176,"column":null}},"40":{"start":{"line":178,"column":2},"end":{"line":178,"column":76}},"41":{"start":{"line":178,"column":22},"end":{"line":178,"column":76}},"42":{"start":{"line":180,"column":2},"end":{"line":273,"column":4}},"43":{"start":{"line":188,"column":53},"end":{"line":189,"column":53}},"44":{"start":{"line":189,"column":8},"end":{"line":189,"column":53}},"45":{"start":{"line":199,"column":8},"end":{"line":202,"column":null}},"46":{"start":{"line":208,"column":47},"end":{"line":208,"column":57}},"47":{"start":{"line":217,"column":11},"end":{"line":217,"column":63}},"48":{"start":{"line":235,"column":11},"end":{"line":235,"column":65}},"49":{"start":{"line":250,"column":11},"end":{"line":250,"column":65}},"50":{"start":{"line":265,"column":11},"end":{"line":265,"column":69}},"51":{"start":{"line":280,"column":34},"end":{"line":284,"column":4}},"52":{"start":{"line":286,"column":2},"end":{"line":407,"column":4}},"53":{"start":{"line":290,"column":53},"end":{"line":290,"column":72}},"54":{"start":{"line":296,"column":8},"end":{"line":296,"column":52}},"55":{"start":{"line":302,"column":8},"end":{"line":302,"column":56}},"56":{"start":{"line":308,"column":8},"end":{"line":308,"column":52}},"57":{"start":{"line":313,"column":53},"end":{"line":314,"column":53}},"58":{"start":{"line":314,"column":8},"end":{"line":314,"column":53}},"59":{"start":{"line":324,"column":29},"end":{"line":324,"column":41}},"60":{"start":{"line":325,"column":30},"end":{"line":329,"column":16}},"61":{"start":{"line":330,"column":8},"end":{"line":331,"column":64}},"62":{"start":{"line":331,"column":10},"end":{"line":331,"column":64}},"63":{"start":{"line":332,"column":8},"end":{"line":336,"column":10}},"64":{"start":{"line":342,"column":47},"end":{"line":342,"column":57}},"65":{"start":{"line":351,"column":11},"end":{"line":351,"column":63}},"66":{"start":{"line":369,"column":11},"end":{"line":369,"column":65}},"67":{"start":{"line":384,"column":11},"end":{"line":384,"column":65}},"68":{"start":{"line":399,"column":11},"end":{"line":399,"column":69}}},"fnMap":{"0":{"name":"buildGuardOptionsFromLibrary","decl":{"start":{"line":47,"column":9},"end":{"line":47,"column":37}},"loc":{"start":{"line":48,"column":72},"end":{"line":67,"column":1}}},"1":{"name":"buildCoreProviders","decl":{"start":{"line":70,"column":16},"end":{"line":70,"column":34}},"loc":{"start":{"line":70,"column":34},"end":{"line":103,"column":1}}},"2":{"name":"(anonymous_2)","decl":{"start":{"line":74,"column":18},"end":{"line":74,"column":19}},"loc":{"start":{"line":75,"column":8},"end":{"line":75,"column":26}}},"3":{"name":"(anonymous_3)","decl":{"start":{"line":80,"column":18},"end":{"line":80,"column":19}},"loc":{"start":{"line":80,"column":53},"end":{"line":81,"column":53}}},"4":{"name":"(anonymous_4)","decl":{"start":{"line":80,"column":53},"end":{"line":80,"column":54}},"loc":{"start":{"line":81,"column":8},"end":{"line":81,"column":53}}},"5":{"name":"buildOptionsProvidersSync","decl":{"start":{"line":106,"column":16},"end":{"line":106,"column":41}},"loc":{"start":{"line":107,"column":34},"end":{"line":128,"column":1}}},"6":{"name":"buildOptionsProvidersAsync","decl":{"start":{"line":131,"column":16},"end":{"line":131,"column":42}},"loc":{"start":{"line":131,"column":42},"end":{"line":157,"column":1}}},"7":{"name":"(anonymous_7)","decl":{"start":{"line":135,"column":18},"end":{"line":135,"column":19}},"loc":{"start":{"line":135,"column":53},"end":{"line":135,"column":72}}},"8":{"name":"(anonymous_8)","decl":{"start":{"line":140,"column":18},"end":{"line":140,"column":19}},"loc":{"start":{"line":141,"column":8},"end":{"line":141,"column":52}}},"9":{"name":"(anonymous_9)","decl":{"start":{"line":146,"column":18},"end":{"line":146,"column":19}},"loc":{"start":{"line":147,"column":8},"end":{"line":147,"column":56}}},"10":{"name":"(anonymous_10)","decl":{"start":{"line":152,"column":18},"end":{"line":152,"column":19}},"loc":{"start":{"line":153,"column":8},"end":{"line":153,"column":52}}},"11":{"name":"buildProviders","decl":{"start":{"line":159,"column":16},"end":{"line":159,"column":30}},"loc":{"start":{"line":159,"column":63},"end":{"line":164,"column":1}}},"12":{"name":"buildFeatureProviders","decl":{"start":{"line":167,"column":16},"end":{"line":167,"column":37}},"loc":{"start":{"line":168,"column":34},"end":{"line":274,"column":1}}},"13":{"name":"(anonymous_13)","decl":{"start":{"line":188,"column":18},"end":{"line":188,"column":19}},"loc":{"start":{"line":188,"column":53},"end":{"line":189,"column":53}}},"14":{"name":"(anonymous_14)","decl":{"start":{"line":188,"column":53},"end":{"line":188,"column":54}},"loc":{"start":{"line":189,"column":8},"end":{"line":189,"column":53}}},"15":{"name":"(anonymous_15)","decl":{"start":{"line":194,"column":18},"end":{"line":194,"column":null}},"loc":{"start":{"line":199,"column":8},"end":{"line":202,"column":null}}},"16":{"name":"(anonymous_16)","decl":{"start":{"line":208,"column":18},"end":{"line":208,"column":19}},"loc":{"start":{"line":208,"column":47},"end":{"line":208,"column":57}}},"17":{"name":"(anonymous_17)","decl":{"start":{"line":213,"column":18},"end":{"line":213,"column":null}},"loc":{"start":{"line":217,"column":11},"end":{"line":217,"column":63}}},"18":{"name":"(anonymous_18)","decl":{"start":{"line":230,"column":18},"end":{"line":230,"column":null}},"loc":{"start":{"line":235,"column":11},"end":{"line":235,"column":65}}},"19":{"name":"(anonymous_19)","decl":{"start":{"line":245,"column":18},"end":{"line":245,"column":null}},"loc":{"start":{"line":250,"column":11},"end":{"line":250,"column":65}}},"20":{"name":"(anonymous_20)","decl":{"start":{"line":260,"column":18},"end":{"line":260,"column":null}},"loc":{"start":{"line":265,"column":11},"end":{"line":265,"column":69}}},"21":{"name":"buildFeatureProvidersAsync","decl":{"start":{"line":277,"column":16},"end":{"line":277,"column":42}},"loc":{"start":{"line":278,"column":44},"end":{"line":408,"column":1}}},"22":{"name":"(anonymous_22)","decl":{"start":{"line":290,"column":18},"end":{"line":290,"column":19}},"loc":{"start":{"line":290,"column":53},"end":{"line":290,"column":72}}},"23":{"name":"(anonymous_23)","decl":{"start":{"line":295,"column":18},"end":{"line":295,"column":19}},"loc":{"start":{"line":296,"column":8},"end":{"line":296,"column":52}}},"24":{"name":"(anonymous_24)","decl":{"start":{"line":301,"column":18},"end":{"line":301,"column":19}},"loc":{"start":{"line":302,"column":8},"end":{"line":302,"column":56}}},"25":{"name":"(anonymous_25)","decl":{"start":{"line":307,"column":18},"end":{"line":307,"column":19}},"loc":{"start":{"line":308,"column":8},"end":{"line":308,"column":52}}},"26":{"name":"(anonymous_26)","decl":{"start":{"line":313,"column":18},"end":{"line":313,"column":19}},"loc":{"start":{"line":313,"column":53},"end":{"line":314,"column":53}}},"27":{"name":"(anonymous_27)","decl":{"start":{"line":313,"column":53},"end":{"line":313,"column":54}},"loc":{"start":{"line":314,"column":8},"end":{"line":314,"column":53}}},"28":{"name":"(anonymous_28)","decl":{"start":{"line":319,"column":18},"end":{"line":319,"column":null}},"loc":{"start":{"line":323,"column":10},"end":{"line":337,"column":7}}},"29":{"name":"(anonymous_29)","decl":{"start":{"line":342,"column":18},"end":{"line":342,"column":19}},"loc":{"start":{"line":342,"column":47},"end":{"line":342,"column":57}}},"30":{"name":"(anonymous_30)","decl":{"start":{"line":347,"column":18},"end":{"line":347,"column":null}},"loc":{"start":{"line":351,"column":11},"end":{"line":351,"column":63}}},"31":{"name":"(anonymous_31)","decl":{"start":{"line":364,"column":18},"end":{"line":364,"column":null}},"loc":{"start":{"line":369,"column":11},"end":{"line":369,"column":65}}},"32":{"name":"(anonymous_32)","decl":{"start":{"line":379,"column":18},"end":{"line":379,"column":null}},"loc":{"start":{"line":384,"column":11},"end":{"line":384,"column":65}}},"33":{"name":"(anonymous_33)","decl":{"start":{"line":394,"column":18},"end":{"line":394,"column":null}},"loc":{"start":{"line":399,"column":11},"end":{"line":399,"column":69}}}},"branchMap":{"0":{"loc":{"start":{"line":50,"column":20},"end":{"line":50,"column":67}},"type":"binary-expr","locations":[{"start":{"line":50,"column":20},"end":{"line":50,"column":38}},{"start":{"line":50,"column":42},"end":{"line":50,"column":67}}]},"1":{"loc":{"start":{"line":59,"column":8},"end":{"line":59,"column":70}},"type":"binary-expr","locations":[{"start":{"line":59,"column":8},"end":{"line":59,"column":34}},{"start":{"line":59,"column":38},"end":{"line":59,"column":70}}]},"2":{"loc":{"start":{"line":63,"column":17},"end":{"line":63,"column":57}},"type":"binary-expr","locations":[{"start":{"line":63,"column":17},"end":{"line":63,"column":35}},{"start":{"line":63,"column":39},"end":{"line":63,"column":57}}]},"3":{"loc":{"start":{"line":64,"column":17},"end":{"line":64,"column":52}},"type":"binary-expr","locations":[{"start":{"line":64,"column":17},"end":{"line":64,"column":35}},{"start":{"line":64,"column":39},"end":{"line":64,"column":52}}]},"4":{"loc":{"start":{"line":161,"column":2},"end":{"line":161,"column":66}},"type":"if","locations":[{"start":{"line":161,"column":2},"end":{"line":161,"column":66}},{"start":{},"end":{}}]},"5":{"loc":{"start":{"line":171,"column":2},"end":{"line":171,"column":66}},"type":"if","locations":[{"start":{"line":171,"column":2},"end":{"line":171,"column":66}},{"start":{},"end":{}}]},"6":{"loc":{"start":{"line":178,"column":2},"end":{"line":178,"column":76}},"type":"if","locations":[{"start":{"line":178,"column":2},"end":{"line":178,"column":76}},{"start":{},"end":{}}]},"7":{"loc":{"start":{"line":283,"column":12},"end":{"line":283,"column":37}},"type":"binary-expr","locations":[{"start":{"line":283,"column":12},"end":{"line":283,"column":31}},{"start":{"line":283,"column":35},"end":{"line":283,"column":37}}]},"8":{"loc":{"start":{"line":325,"column":30},"end":{"line":329,"column":16}},"type":"cond-expr","locations":[{"start":{"line":326,"column":12},"end":{"line":327,"column":null}},{"start":{"line":329,"column":12},"end":{"line":329,"column":16}}]},"9":{"loc":{"start":{"line":330,"column":8},"end":{"line":331,"column":64}},"type":"if","locations":[{"start":{"line":330,"column":8},"end":{"line":331,"column":64}},{"start":{},"end":{}}]}},"s":{"0":2,"1":2,"2":2,"3":2,"4":2,"5":2,"6":2,"7":2,"8":2,"9":2,"10":2,"11":2,"12":2,"13":2,"14":2,"15":2,"16":2,"17":2,"18":13,"19":13,"20":6,"21":2,"22":2,"23":10,"24":2,"25":2,"26":4,"27":1,"28":1,"29":1,"30":1,"31":3,"32":3,"33":1,"34":2,"35":2,"36":2,"37":0,"38":2,"39":2,"40":2,"41":0,"42":2,"43":1,"44":5,"45":1,"46":1,"47":1,"48":1,"49":1,"50":1,"51":3,"52":3,"53":2,"54":2,"55":2,"56":2,"57":2,"58":5,"59":2,"60":2,"61":2,"62":1,"63":1,"64":1,"65":1,"66":1,"67":1,"68":1},"f":{"0":13,"1":6,"2":2,"3":2,"4":10,"5":2,"6":4,"7":1,"8":1,"9":1,"10":1,"11":3,"12":2,"13":1,"14":5,"15":1,"16":1,"17":1,"18":1,"19":1,"20":1,"21":3,"22":2,"23":2,"24":2,"25":2,"26":2,"27":5,"28":2,"29":1,"30":1,"31":1,"32":1,"33":1},"b":{"0":[13,13],"1":[13,13],"2":[13,13],"3":[13,13],"4":[1,2],"5":[0,2],"6":[0,2],"7":[3,0],"8":[2,0],"9":[1,1]}}
,"D:\\Projects\\auth-core-vault\\libs\\auth-vault\\src\\auth-vault.service.ts": {"path":"D:\\Projects\\auth-core-vault\\libs\\auth-vault\\src\\auth-vault.service.ts","statementMap":{"0":{"start":{"line":1,"column":0},"end":{"line":1,"column":null}},"1":{"start":{"line":8,"column":0},"end":{"line":8,"column":71}},"2":{"start":{"line":11,"column":0},"end":{"line":11,"column":46}},"3":{"start":{"line":12,"column":0},"end":{"line":12,"column":88}},"4":{"start":{"line":36,"column":29},"end":{"line":141,"column":null}},"5":{"start":{"line":42,"column":21},"end":{"line":42,"column":52}},"6":{"start":{"line":44,"column":21},"end":{"line":44,"column":59}},"7":{"start":{"line":48,"column":4},"end":{"line":48,"column":54}},"8":{"start":{"line":49,"column":17},"end":{"line":49,"column":57}},"9":{"start":{"line":50,"column":4},"end":{"line":50,"column":60}},"10":{"start":{"line":50,"column":15},"end":{"line":50,"column":60}},"11":{"start":{"line":51,"column":4},"end":{"line":51,"column":43}},"12":{"start":{"line":55,"column":21},"end":{"line":56,"column":null}},"13":{"start":{"line":56,"column":20},"end":{"line":56,"column":50}},"14":{"start":{"line":59,"column":4},"end":{"line":59,"column":73}},"15":{"start":{"line":59,"column":19},"end":{"line":59,"column":73}},"16":{"start":{"line":61,"column":4},"end":{"line":61,"column":20}},"17":{"start":{"line":68,"column":21},"end":{"line":68,"column":59}},"18":{"start":{"line":70,"column":4},"end":{"line":70,"column":47}},"19":{"start":{"line":70,"column":26},"end":{"line":70,"column":47}},"20":{"start":{"line":72,"column":4},"end":{"line":72,"column":51}},"21":{"start":{"line":79,"column":21},"end":{"line":79,"column":60}},"22":{"start":{"line":81,"column":4},"end":{"line":81,"column":47}},"23":{"start":{"line":81,"column":26},"end":{"line":81,"column":47}},"24":{"start":{"line":83,"column":4},"end":{"line":83,"column":49}},"25":{"start":{"line":92,"column":21},"end":{"line":92,"column":67}},"26":{"start":{"line":94,"column":4},"end":{"line":94,"column":47}},"27":{"start":{"line":94,"column":26},"end":{"line":94,"column":47}},"28":{"start":{"line":96,"column":4},"end":{"line":96,"column":51}},"29":{"start":{"line":103,"column":21},"end":{"line":103,"column":59}},"30":{"start":{"line":105,"column":4},"end":{"line":105,"column":47}},"31":{"start":{"line":105,"column":26},"end":{"line":105,"column":47}},"32":{"start":{"line":107,"column":4},"end":{"line":108,"column":53}},"33":{"start":{"line":108,"column":6},"end":{"line":108,"column":53}},"34":{"start":{"line":109,"column":4},"end":{"line":110,"column":50}},"35":{"start":{"line":110,"column":6},"end":{"line":110,"column":50}},"36":{"start":{"line":111,"column":4},"end":{"line":111,"column":49}},"37":{"start":{"line":120,"column":4},"end":{"line":120,"column":53}},"38":{"start":{"line":130,"column":18},"end":{"line":130,"column":73}},"39":{"start":{"line":131,"column":4},"end":{"line":131,"column":45}},"40":{"start":{"line":138,"column":18},"end":{"line":138,"column":52}},"41":{"start":{"line":139,"column":4},"end":{"line":139,"column":45}},"42":{"start":{"line":36,"column":13},"end":{"line":36,"column":29}},"43":{"start":{"line":36,"column":13},"end":{"line":141,"column":null}}},"fnMap":{"0":{"name":"(anonymous_4)","decl":{"start":{"line":40,"column":2},"end":{"line":40,"column":null}},"loc":{"start":{"line":46,"column":55},"end":{"line":52,"column":3}}},"1":{"name":"(anonymous_5)","decl":{"start":{"line":54,"column":10},"end":{"line":54,"column":21}},"loc":{"start":{"line":54,"column":52},"end":{"line":62,"column":3}}},"2":{"name":"(anonymous_6)","decl":{"start":{"line":56,"column":6},"end":{"line":56,"column":7}},"loc":{"start":{"line":56,"column":20},"end":{"line":56,"column":50}}},"3":{"name":"(anonymous_7)","decl":{"start":{"line":67,"column":2},"end":{"line":67,"column":7}},"loc":{"start":{"line":67,"column":46},"end":{"line":73,"column":3}}},"4":{"name":"(anonymous_8)","decl":{"start":{"line":78,"column":2},"end":{"line":78,"column":7}},"loc":{"start":{"line":78,"column":48},"end":{"line":84,"column":3}}},"5":{"name":"(anonymous_9)","decl":{"start":{"line":89,"column":2},"end":{"line":89,"column":7}},"loc":{"start":{"line":90,"column":44},"end":{"line":97,"column":3}}},"6":{"name":"(anonymous_10)","decl":{"start":{"line":102,"column":2},"end":{"line":102,"column":7}},"loc":{"start":{"line":102,"column":46},"end":{"line":112,"column":3}}},"7":{"name":"(anonymous_11)","decl":{"start":{"line":117,"column":2},"end":{"line":117,"column":7}},"loc":{"start":{"line":118,"column":36},"end":{"line":121,"column":3}}},"8":{"name":"(anonymous_12)","decl":{"start":{"line":126,"column":2},"end":{"line":126,"column":7}},"loc":{"start":{"line":128,"column":20},"end":{"line":132,"column":3}}},"9":{"name":"(anonymous_13)","decl":{"start":{"line":137,"column":2},"end":{"line":137,"column":7}},"loc":{"start":{"line":137,"column":42},"end":{"line":140,"column":3}}}},"branchMap":{"0":{"loc":{"start":{"line":50,"column":4},"end":{"line":50,"column":60}},"type":"if","locations":[{"start":{"line":50,"column":4},"end":{"line":50,"column":60}},{"start":{},"end":{}}]},"1":{"loc":{"start":{"line":59,"column":4},"end":{"line":59,"column":73}},"type":"if","locations":[{"start":{"line":59,"column":4},"end":{"line":59,"column":73}},{"start":{},"end":{}}]},"2":{"loc":{"start":{"line":70,"column":4},"end":{"line":70,"column":47}},"type":"if","locations":[{"start":{"line":70,"column":4},"end":{"line":70,"column":47}},{"start":{},"end":{}}]},"3":{"loc":{"start":{"line":81,"column":4},"end":{"line":81,"column":47}},"type":"if","locations":[{"start":{"line":81,"column":4},"end":{"line":81,"column":47}},{"start":{},"end":{}}]},"4":{"loc":{"start":{"line":94,"column":4},"end":{"line":94,"column":47}},"type":"if","locations":[{"start":{"line":94,"column":4},"end":{"line":94,"column":47}},{"start":{},"end":{}}]},"5":{"loc":{"start":{"line":105,"column":4},"end":{"line":105,"column":47}},"type":"if","locations":[{"start":{"line":105,"column":4},"end":{"line":105,"column":47}},{"start":{},"end":{}}]},"6":{"loc":{"start":{"line":107,"column":4},"end":{"line":108,"column":53}},"type":"if","locations":[{"start":{"line":107,"column":4},"end":{"line":108,"column":53}},{"start":{},"end":{}}]},"7":{"loc":{"start":{"line":109,"column":4},"end":{"line":110,"column":50}},"type":"if","locations":[{"start":{"line":109,"column":4},"end":{"line":110,"column":50}},{"start":{},"end":{}}]},"8":{"loc":{"start":{"line":131,"column":11},"end":{"line":131,"column":44}},"type":"cond-expr","locations":[{"start":{"line":131,"column":34},"end":{"line":131,"column":39}},{"start":{"line":131,"column":42},"end":{"line":131,"column":44}}]},"9":{"loc":{"start":{"line":139,"column":11},"end":{"line":139,"column":44}},"type":"cond-expr","locations":[{"start":{"line":139,"column":34},"end":{"line":139,"column":39}},{"start":{"line":139,"column":42},"end":{"line":139,"column":44}}]}},"s":{"0":3,"1":3,"2":3,"3":3,"4":3,"5":22,"6":22,"7":22,"8":22,"9":22,"10":1,"11":21,"12":21,"13":21,"14":21,"15":1,"16":20,"17":2,"18":2,"19":1,"20":1,"21":2,"22":2,"23":1,"24":1,"25":2,"26":2,"27":1,"28":1,"29":4,"30":4,"31":1,"32":3,"33":1,"34":2,"35":1,"36":1,"37":1,"38":2,"39":2,"40":2,"41":2,"42":3,"43":3},"f":{"0":22,"1":21,"2":21,"3":2,"4":2,"5":2,"6":4,"7":1,"8":2,"9":2},"b":{"0":[1,21],"1":[1,20],"2":[1,1],"3":[1,1],"4":[1,1],"5":[1,3],"6":[1,2],"7":[1,1],"8":[1,1],"9":[1,1]}}
,"D:\\Projects\\auth-core-vault\\libs\\auth-vault\\src\\index.ts": {"path":"D:\\Projects\\auth-core-vault\\libs\\auth-vault\\src\\index.ts","statementMap":{"0":{"start":{"line":8,"column":0},"end":{"line":8,"column":28}},"1":{"start":{"line":9,"column":0},"end":{"line":9,"column":29}},"2":{"start":{"line":10,"column":0},"end":{"line":10,"column":22}},"3":{"start":{"line":11,"column":0},"end":{"line":11,"column":25}},"4":{"start":{"line":12,"column":0},"end":{"line":12,"column":29}},"5":{"start":{"line":13,"column":0},"end":{"line":13,"column":24}},"6":{"start":{"line":14,"column":0},"end":{"line":14,"column":25}},"7":{"start":{"line":15,"column":0},"end":{"line":15,"column":36}},"8":{"start":{"line":16,"column":0},"end":{"line":16,"column":37}}},"fnMap":{},"branchMap":{},"s":{"0":1,"1":1,"2":1,"3":1,"4":1,"5":1,"6":1,"7":1,"8":1},"f":{},"b":{}}
,"D:\\Projects\\auth-core-vault\\libs\\auth-vault\\src\\constants\\auth-guard.const.ts": {"path":"D:\\Projects\\auth-core-vault\\libs\\auth-vault\\src\\constants\\auth-guard.const.ts","statementMap":{"0":{"start":{"line":3,"column":13},"end":{"line":3,"column":63}},"1":{"start":{"line":4,"column":13},"end":{"line":4,"column":54}}},"fnMap":{},"branchMap":{},"s":{"0":7,"1":7},"f":{},"b":{}}
,"D:\\Projects\\auth-core-vault\\libs\\auth-vault\\src\\constants\\auth-messages.const.ts": {"path":"D:\\Projects\\auth-core-vault\\libs\\auth-vault\\src\\constants\\auth-messages.const.ts","statementMap":{"0":{"start":{"line":7,"column":28},"end":{"line":42,"column":11}},"1":{"start":{"line":45,"column":27},"end":{"line":53,"column":11}},"2":{"start":{"line":56,"column":28},"end":{"line":64,"column":11}},"3":{"start":{"line":67,"column":30},"end":{"line":69,"column":11}},"4":{"start":{"line":72,"column":29},"end":{"line":75,"column":11}},"5":{"start":{"line":78,"column":27},"end":{"line":81,"column":11}},"6":{"start":{"line":83,"column":31},"end":{"line":86,"column":11}},"7":{"start":{"line":89,"column":13},"end":{"line":97,"column":11}}},"fnMap":{},"branchMap":{},"s":{"0":12,"1":12,"2":12,"3":12,"4":12,"5":12,"6":12,"7":12},"f":{},"b":{}}
,"D:\\Projects\\auth-core-vault\\libs\\auth-vault\\src\\constants\\auth-metadata.const.ts": {"path":"D:\\Projects\\auth-core-vault\\libs\\auth-vault\\src\\constants\\auth-metadata.const.ts","statementMap":{"0":{"start":{"line":2,"column":0},"end":{"line":2,"column":null}},"1":{"start":{"line":4,"column":2},"end":{"line":4,"column":null}},"2":{"start":{"line":6,"column":2},"end":{"line":6,"column":null}},"3":{"start":{"line":10,"column":0},"end":{"line":10,"column":null}},"4":{"start":{"line":12,"column":2},"end":{"line":12,"column":null}},"5":{"start":{"line":14,"column":2},"end":{"line":14,"column":null}},"6":{"start":{"line":18,"column":0},"end":{"line":18,"column":null}},"7":{"start":{"line":20,"column":2},"end":{"line":20,"column":null}},"8":{"start":{"line":22,"column":2},"end":{"line":22,"column":null}}},"fnMap":{"0":{"name":"(anonymous_0)","decl":{"start":{"line":2,"column":0},"end":{"line":2,"column":12}},"loc":{"start":{"line":2,"column":33},"end":{"line":7,"column":1}}},"1":{"name":"(anonymous_1)","decl":{"start":{"line":10,"column":0},"end":{"line":10,"column":12}},"loc":{"start":{"line":10,"column":21},"end":{"line":15,"column":1}}},"2":{"name":"(anonymous_2)","decl":{"start":{"line":18,"column":0},"end":{"line":18,"column":12}},"loc":{"start":{"line":18,"column":21},"end":{"line":23,"column":1}}}},"branchMap":{"0":{"loc":{"start":{"line":2,"column":12},"end":{"line":2,"column":null}},"type":"binary-expr","locations":[{"start":{"line":2,"column":12},"end":{"line":2,"column":33}},{"start":{"line":2,"column":33},"end":{"line":2,"column":null}}]},"1":{"loc":{"start":{"line":10,"column":12},"end":{"line":10,"column":null}},"type":"binary-expr","locations":[{"start":{"line":10,"column":12},"end":{"line":10,"column":21}},{"start":{"line":10,"column":21},"end":{"line":10,"column":null}}]},"2":{"loc":{"start":{"line":18,"column":12},"end":{"line":18,"column":null}},"type":"binary-expr","locations":[{"start":{"line":18,"column":12},"end":{"line":18,"column":21}},{"start":{"line":18,"column":21},"end":{"line":18,"column":null}}]}},"s":{"0":7,"1":7,"2":7,"3":7,"4":7,"5":7,"6":7,"7":7,"8":7},"f":{"0":7,"1":7,"2":7},"b":{"0":[7,7],"1":[7,7],"2":[7,7]}}
,"D:\\Projects\\auth-core-vault\\libs\\auth-vault\\src\\constants\\auth-method-header.const.ts": {"path":"D:\\Projects\\auth-core-vault\\libs\\auth-vault\\src\\constants\\auth-method-header.const.ts","statementMap":{"0":{"start":{"line":1,"column":13},"end":{"line":4,"column":11}}},"fnMap":{},"branchMap":{},"s":{"0":10},"f":{},"b":{}}
,"D:\\Projects\\auth-core-vault\\libs\\auth-vault\\src\\constants\\auth-vault-logger-factory.const.ts": {"path":"D:\\Projects\\auth-core-vault\\libs\\auth-vault\\src\\constants\\auth-vault-logger-factory.const.ts","statementMap":{"0":{"start":{"line":1,"column":13},"end":{"line":1,"column":69}}},"fnMap":{},"branchMap":{},"s":{"0":9},"f":{},"b":{}}
,"D:\\Projects\\auth-core-vault\\libs\\auth-vault\\src\\constants\\default-http.const.ts": {"path":"D:\\Projects\\auth-core-vault\\libs\\auth-vault\\src\\constants\\default-http.const.ts","statementMap":{"0":{"start":{"line":2,"column":0},"end":{"line":2,"column":43}},"1":{"start":{"line":3,"column":0},"end":{"line":3,"column":79}},"2":{"start":{"line":5,"column":35},"end":{"line":10,"column":2}},"3":{"start":{"line":12,"column":45},"end":{"line":15,"column":2}},"4":{"start":{"line":18,"column":13},"end":{"line":23,"column":2}}},"fnMap":{},"branchMap":{},"s":{"0":7,"1":7,"2":7,"3":7,"4":7},"f":{},"b":{}}
,"D:\\Projects\\auth-core-vault\\libs\\auth-vault\\src\\constants\\enforcer-options.const.ts": {"path":"D:\\Projects\\auth-core-vault\\libs\\auth-vault\\src\\constants\\enforcer-options.const.ts","statementMap":{"0":{"start":{"line":1,"column":13},"end":{"line":1,"column":56}}},"fnMap":{},"branchMap":{},"s":{"0":7},"f":{},"b":{}}
,"D:\\Projects\\auth-core-vault\\libs\\auth-vault\\src\\constants\\index.ts": {"path":"D:\\Projects\\auth-core-vault\\libs\\auth-vault\\src\\constants\\index.ts","statementMap":{"0":{"start":{"line":4,"column":0},"end":{"line":4,"column":37}},"1":{"start":{"line":5,"column":0},"end":{"line":5,"column":35}},"2":{"start":{"line":6,"column":0},"end":{"line":6,"column":38}},"3":{"start":{"line":7,"column":0},"end":{"line":7,"column":38}},"4":{"start":{"line":8,"column":0},"end":{"line":8,"column":43}},"5":{"start":{"line":9,"column":0},"end":{"line":9,"column":39}},"6":{"start":{"line":10,"column":0},"end":{"line":10,"column":35}},"7":{"start":{"line":11,"column":0},"end":{"line":11,"column":41}}},"fnMap":{},"branchMap":{},"s":{"0":7,"1":7,"2":7,"3":7,"4":7,"5":7,"6":7,"7":7},"f":{},"b":{}}
,"D:\\Projects\\auth-core-vault\\libs\\auth-vault\\src\\constants\\resource-guard.const.ts": {"path":"D:\\Projects\\auth-core-vault\\libs\\auth-vault\\src\\constants\\resource-guard.const.ts","statementMap":{"0":{"start":{"line":2,"column":13},"end":{"line":2,"column":71}}},"fnMap":{},"branchMap":{},"s":{"0":7},"f":{},"b":{}}
,"D:\\Projects\\auth-core-vault\\libs\\auth-vault\\src\\constants\\role-guard.const.ts": {"path":"D:\\Projects\\auth-core-vault\\libs\\auth-vault\\src\\constants\\role-guard.const.ts","statementMap":{"0":{"start":{"line":1,"column":13},"end":{"line":1,"column":63}}},"fnMap":{},"branchMap":{},"s":{"0":7},"f":{},"b":{}}
,"D:\\Projects\\auth-core-vault\\libs\\auth-vault\\src\\constants\\token-validation.const.ts": {"path":"D:\\Projects\\auth-core-vault\\libs\\auth-vault\\src\\constants\\token-validation.const.ts","statementMap":{"0":{"start":{"line":2,"column":0},"end":{"line":2,"column":null}},"1":{"start":{"line":4,"column":2},"end":{"line":4,"column":null}},"2":{"start":{"line":6,"column":2},"end":{"line":6,"column":null}}},"fnMap":{"0":{"name":"(anonymous_0)","decl":{"start":{"line":2,"column":0},"end":{"line":2,"column":12}},"loc":{"start":{"line":2,"column":27},"end":{"line":7,"column":1}}}},"branchMap":{"0":{"loc":{"start":{"line":2,"column":12},"end":{"line":2,"column":null}},"type":"binary-expr","locations":[{"start":{"line":2,"column":12},"end":{"line":2,"column":27}},{"start":{"line":2,"column":27},"end":{"line":2,"column":null}}]}},"s":{"0":1,"1":1,"2":1},"f":{"0":1},"b":{"0":[1,1]}}
,"D:\\Projects\\auth-core-vault\\libs\\auth-vault\\src\\decorators\\access-token.decorator.ts": {"path":"D:\\Projects\\auth-core-vault\\libs\\auth-vault\\src\\decorators\\access-token.decorator.ts","statementMap":{"0":{"start":{"line":8,"column":0},"end":{"line":8,"column":16}},"1":{"start":{"line":1,"column":0},"end":{"line":1,"column":72}},"2":{"start":{"line":2,"column":0},"end":{"line":2,"column":42}},"3":{"start":{"line":11,"column":20},"end":{"line":11,"column":62}},"4":{"start":{"line":12,"column":2},"end":{"line":12,"column":30}},"5":{"start":{"line":21,"column":13},"end":{"line":24,"column":2}},"6":{"start":{"line":23,"column":4},"end":{"line":23,"column":34}}},"fnMap":{"0":{"name":"getAccessTokenFromContext","decl":{"start":{"line":8,"column":16},"end":{"line":8,"column":41}},"loc":{"start":{"line":9,"column":23},"end":{"line":13,"column":1}}},"1":{"name":"(anonymous_1)","decl":{"start":{"line":22,"column":2},"end":{"line":22,"column":3}},"loc":{"start":{"line":23,"column":4},"end":{"line":23,"column":34}}}},"branchMap":{},"s":{"0":6,"1":6,"2":6,"3":2,"4":2,"5":6,"6":1},"f":{"0":2,"1":1},"b":{}}
,"D:\\Projects\\auth-core-vault\\libs\\auth-vault\\src\\decorators\\auth-user.decorator.ts": {"path":"D:\\Projects\\auth-core-vault\\libs\\auth-vault\\src\\decorators\\auth-user.decorator.ts","statementMap":{"0":{"start":{"line":11,"column":0},"end":{"line":11,"column":16}},"1":{"start":{"line":1,"column":0},"end":{"line":1,"column":72}},"2":{"start":{"line":2,"column":0},"end":{"line":2,"column":42}},"3":{"start":{"line":12,"column":20},"end":{"line":12,"column":62}},"4":{"start":{"line":13,"column":2},"end":{"line":13,"column":23}},"5":{"start":{"line":22,"column":13},"end":{"line":25,"column":2}},"6":{"start":{"line":24,"column":4},"end":{"line":24,"column":31}}},"fnMap":{"0":{"name":"getAuthUserFromContext","decl":{"start":{"line":11,"column":16},"end":{"line":11,"column":38}},"loc":{"start":{"line":11,"column":60},"end":{"line":14,"column":1}}},"1":{"name":"(anonymous_1)","decl":{"start":{"line":23,"column":2},"end":{"line":23,"column":3}},"loc":{"start":{"line":24,"column":4},"end":{"line":24,"column":31}}}},"branchMap":{},"s":{"0":6,"1":6,"2":6,"3":2,"4":2,"5":6,"6":1},"f":{"0":2,"1":1},"b":{}}
,"D:\\Projects\\auth-core-vault\\libs\\auth-vault\\src\\decorators\\conditional-scopes.decorator.ts": {"path":"D:\\Projects\\auth-core-vault\\libs\\auth-vault\\src\\decorators\\conditional-scopes.decorator.ts","statementMap":{"0":{"start":{"line":1,"column":0},"end":{"line":1,"column":45}},"1":{"start":{"line":4,"column":13},"end":{"line":4,"column":60}},"2":{"start":{"line":15,"column":33},"end":{"line":16,"column":48}},"3":{"start":{"line":16,"column":2},"end":{"line":16,"column":48}},"4":{"start":{"line":15,"column":13},"end":{"line":15,"column":33}}},"fnMap":{"0":{"name":"(anonymous_0)","decl":{"start":{"line":15,"column":33},"end":{"line":15,"column":34}},"loc":{"start":{"line":16,"column":2},"end":{"line":16,"column":48}}}},"branchMap":{},"s":{"0":6,"1":6,"2":6,"3":1,"4":6},"f":{"0":1},"b":{}}
,"D:\\Projects\\auth-core-vault\\libs\\auth-vault\\src\\decorators\\enforcer-options.decorator.ts": {"path":"D:\\Projects\\auth-core-vault\\libs\\auth-vault\\src\\decorators\\enforcer-options.decorator.ts","statementMap":{"0":{"start":{"line":1,"column":0},"end":{"line":1,"column":53}},"1":{"start":{"line":2,"column":0},"end":{"line":2,"column":45}},"2":{"start":{"line":13,"column":31},"end":{"line":14,"column":45}},"3":{"start":{"line":14,"column":2},"end":{"line":14,"column":45}},"4":{"start":{"line":13,"column":13},"end":{"line":13,"column":31}}},"fnMap":{"0":{"name":"(anonymous_0)","decl":{"start":{"line":13,"column":31},"end":{"line":13,"column":32}},"loc":{"start":{"line":14,"column":2},"end":{"line":14,"column":45}}}},"branchMap":{},"s":{"0":6,"1":6,"2":6,"3":1,"4":6},"f":{"0":1},"b":{}}
,"D:\\Projects\\auth-core-vault\\libs\\auth-vault\\src\\decorators\\index.ts": {"path":"D:\\Projects\\auth-core-vault\\libs\\auth-vault\\src\\decorators\\index.ts","statementMap":{"0":{"start":{"line":4,"column":0},"end":{"line":4,"column":35}},"1":{"start":{"line":5,"column":0},"end":{"line":5,"column":37}},"2":{"start":{"line":6,"column":0},"end":{"line":6,"column":35}},"3":{"start":{"line":7,"column":0},"end":{"line":7,"column":47}},"4":{"start":{"line":8,"column":0},"end":{"line":8,"column":44}},"5":{"start":{"line":9,"column":0},"end":{"line":9,"column":33}},"6":{"start":{"line":10,"column":0},"end":{"line":10,"column":44}},"7":{"start":{"line":11,"column":0},"end":{"line":11,"column":38}},"8":{"start":{"line":12,"column":0},"end":{"line":12,"column":45}},"9":{"start":{"line":13,"column":0},"end":{"line":13,"column":41}}},"fnMap":{},"branchMap":{},"s":{"0":6,"1":6,"2":6,"3":6,"4":6,"5":6,"6":6,"7":6,"8":6,"9":6},"f":{},"b":{}}
,"D:\\Projects\\auth-core-vault\\libs\\auth-vault\\src\\decorators\\public.decorator.ts": {"path":"D:\\Projects\\auth-core-vault\\libs\\auth-vault\\src\\decorators\\public.decorator.ts","statementMap":{"0":{"start":{"line":1,"column":0},"end":{"line":1,"column":45}},"1":{"start":{"line":3,"column":13},"end":{"line":3,"column":36}},"2":{"start":{"line":8,"column":22},"end":{"line":8,"column":58}},"3":{"start":{"line":8,"column":28},"end":{"line":8,"column":58}},"4":{"start":{"line":8,"column":13},"end":{"line":8,"column":22}}},"fnMap":{"0":{"name":"(anonymous_0)","decl":{"start":{"line":8,"column":22},"end":{"line":8,"column":25}},"loc":{"start":{"line":8,"column":28},"end":{"line":8,"column":58}}}},"branchMap":{},"s":{"0":7,"1":7,"2":7,"3":1,"4":7},"f":{"0":1},"b":{}}
,"D:\\Projects\\auth-core-vault\\libs\\auth-vault\\src\\decorators\\resolved-scopes.decorator.ts": {"path":"D:\\Projects\\auth-core-vault\\libs\\auth-vault\\src\\decorators\\resolved-scopes.decorator.ts","statementMap":{"0":{"start":{"line":7,"column":0},"end":{"line":7,"column":16}},"1":{"start":{"line":1,"column":0},"end":{"line":1,"column":72}},"2":{"start":{"line":2,"column":0},"end":{"line":2,"column":42}},"3":{"start":{"line":10,"column":20},"end":{"line":10,"column":72}},"4":{"start":{"line":11,"column":2},"end":{"line":11,"column":25}},"5":{"start":{"line":20,"column":13},"end":{"line":23,"column":2}},"6":{"start":{"line":22,"column":4},"end":{"line":22,"column":37}}},"fnMap":{"0":{"name":"getResolvedScopesFromContext","decl":{"start":{"line":7,"column":16},"end":{"line":7,"column":44}},"loc":{"start":{"line":8,"column":23},"end":{"line":12,"column":1}}},"1":{"name":"(anonymous_1)","decl":{"start":{"line":21,"column":2},"end":{"line":21,"column":3}},"loc":{"start":{"line":22,"column":4},"end":{"line":22,"column":37}}}},"branchMap":{},"s":{"0":6,"1":6,"2":6,"3":2,"4":2,"5":6,"6":1},"f":{"0":2,"1":1},"b":{}}
,"D:\\Projects\\auth-core-vault\\libs\\auth-vault\\src\\decorators\\resource.decorator.ts": {"path":"D:\\Projects\\auth-core-vault\\libs\\auth-vault\\src\\decorators\\resource.decorator.ts","statementMap":{"0":{"start":{"line":1,"column":0},"end":{"line":1,"column":45}},"1":{"start":{"line":4,"column":13},"end":{"line":4,"column":40}},"2":{"start":{"line":14,"column":24},"end":{"line":15,"column":38}},"3":{"start":{"line":15,"column":2},"end":{"line":15,"column":38}},"4":{"start":{"line":14,"column":13},"end":{"line":14,"column":24}}},"fnMap":{"0":{"name":"(anonymous_0)","decl":{"start":{"line":14,"column":24},"end":{"line":14,"column":25}},"loc":{"start":{"line":15,"column":2},"end":{"line":15,"column":38}}}},"branchMap":{},"s":{"0":6,"1":6,"2":6,"3":1,"4":6},"f":{"0":1},"b":{}}
,"D:\\Projects\\auth-core-vault\\libs\\auth-vault\\src\\decorators\\role-match-mode.decorator.ts": {"path":"D:\\Projects\\auth-core-vault\\libs\\auth-vault\\src\\decorators\\role-match-mode.decorator.ts","statementMap":{"0":{"start":{"line":1,"column":0},"end":{"line":1,"column":45}},"1":{"start":{"line":5,"column":13},"end":{"line":5,"column":63}},"2":{"start":{"line":16,"column":29},"end":{"line":17,"column":44}},"3":{"start":{"line":17,"column":2},"end":{"line":17,"column":44}},"4":{"start":{"line":16,"column":13},"end":{"line":16,"column":29}}},"fnMap":{"0":{"name":"(anonymous_0)","decl":{"start":{"line":16,"column":29},"end":{"line":16,"column":30}},"loc":{"start":{"line":17,"column":2},"end":{"line":17,"column":44}}}},"branchMap":{},"s":{"0":6,"1":6,"2":6,"3":1,"4":6},"f":{"0":1},"b":{}}
,"D:\\Projects\\auth-core-vault\\libs\\auth-vault\\src\\decorators\\role.decorator.ts": {"path":"D:\\Projects\\auth-core-vault\\libs\\auth-vault\\src\\decorators\\role.decorator.ts","statementMap":{"0":{"start":{"line":1,"column":0},"end":{"line":1,"column":45}},"1":{"start":{"line":4,"column":13},"end":{"line":4,"column":39}},"2":{"start":{"line":14,"column":21},"end":{"line":14,"column":75}},"3":{"start":{"line":14,"column":45},"end":{"line":14,"column":75}},"4":{"start":{"line":14,"column":13},"end":{"line":14,"column":21}}},"fnMap":{"0":{"name":"(anonymous_0)","decl":{"start":{"line":14,"column":21},"end":{"line":14,"column":22}},"loc":{"start":{"line":14,"column":45},"end":{"line":14,"column":75}}}},"branchMap":{},"s":{"0":6,"1":6,"2":6,"3":1,"4":6},"f":{"0":1},"b":{}}
,"D:\\Projects\\auth-core-vault\\libs\\auth-vault\\src\\decorators\\scopes.decorator.ts": {"path":"D:\\Projects\\auth-core-vault\\libs\\auth-vault\\src\\decorators\\scopes.decorator.ts","statementMap":{"0":{"start":{"line":1,"column":0},"end":{"line":1,"column":45}},"1":{"start":{"line":3,"column":13},"end":{"line":3,"column":36}},"2":{"start":{"line":13,"column":22},"end":{"line":13,"column":79}},"3":{"start":{"line":13,"column":47},"end":{"line":13,"column":79}},"4":{"start":{"line":13,"column":13},"end":{"line":13,"column":22}}},"fnMap":{"0":{"name":"(anonymous_0)","decl":{"start":{"line":13,"column":22},"end":{"line":13,"column":23}},"loc":{"start":{"line":13,"column":47},"end":{"line":13,"column":79}}}},"branchMap":{},"s":{"0":6,"1":6,"2":6,"3":1,"4":6},"f":{"0":1},"b":{}}
,"D:\\Projects\\auth-core-vault\\libs\\auth-vault\\src\\dto\\index.ts": {"path":"D:\\Projects\\auth-core-vault\\libs\\auth-vault\\src\\dto\\index.ts","statementMap":{"0":{"start":{"line":5,"column":0},"end":{"line":5,"column":40}},"1":{"start":{"line":6,"column":0},"end":{"line":6,"column":43}},"2":{"start":{"line":7,"column":0},"end":{"line":7,"column":37}},"3":{"start":{"line":8,"column":0},"end":{"line":8,"column":41}},"4":{"start":{"line":9,"column":0},"end":{"line":9,"column":44}},"5":{"start":{"line":10,"column":0},"end":{"line":10,"column":38}},"6":{"start":{"line":11,"column":0},"end":{"line":11,"column":48}},"7":{"start":{"line":12,"column":0},"end":{"line":12,"column":51}},"8":{"start":{"line":13,"column":0},"end":{"line":13,"column":45}},"9":{"start":{"line":14,"column":0},"end":{"line":14,"column":40}},"10":{"start":{"line":15,"column":0},"end":{"line":15,"column":47}},"11":{"start":{"line":16,"column":0},"end":{"line":16,"column":41}},"12":{"start":{"line":17,"column":0},"end":{"line":17,"column":46}},"13":{"start":{"line":18,"column":0},"end":{"line":18,"column":40}},"14":{"start":{"line":19,"column":0},"end":{"line":19,"column":35}},"15":{"start":{"line":20,"column":0},"end":{"line":20,"column":38}},"16":{"start":{"line":21,"column":0},"end":{"line":21,"column":37}},"17":{"start":{"line":22,"column":0},"end":{"line":22,"column":40}},"18":{"start":{"line":23,"column":0},"end":{"line":23,"column":41}},"19":{"start":{"line":24,"column":0},"end":{"line":24,"column":38}},"20":{"start":{"line":25,"column":0},"end":{"line":25,"column":40}}},"fnMap":{},"branchMap":{},"s":{"0":2,"1":2,"2":2,"3":2,"4":2,"5":2,"6":2,"7":2,"8":2,"9":2,"10":2,"11":2,"12":2,"13":2,"14":2,"15":2,"16":2,"17":2,"18":2,"19":2,"20":2},"f":{},"b":{}}
,"D:\\Projects\\auth-core-vault\\libs\\auth-vault\\src\\dto\\login-credentials.dto.ts": {"path":"D:\\Projects\\auth-core-vault\\libs\\auth-vault\\src\\dto\\login-credentials.dto.ts","statementMap":{"0":{"start":{"line":1,"column":0},"end":{"line":1,"column":46}},"1":{"start":{"line":2,"column":0},"end":{"line":2,"column":55}},"2":{"start":{"line":5,"column":0},"end":{"line":5,"column":13}},"3":{"start":{"line":12,"column":2},"end":{"line":12,"column":null}},"4":{"start":{"line":20,"column":2},"end":{"line":20,"column":null}}},"fnMap":{},"branchMap":{},"s":{"0":2,"1":2,"2":2,"3":2,"4":2},"f":{},"b":{}}
,"D:\\Projects\\auth-core-vault\\libs\\auth-vault\\src\\dto\\login-error-response.dto.ts": {"path":"D:\\Projects\\auth-core-vault\\libs\\auth-vault\\src\\dto\\login-error-response.dto.ts","statementMap":{"0":{"start":{"line":1,"column":0},"end":{"line":1,"column":null}},"1":{"start":{"line":5,"column":0},"end":{"line":5,"column":67}},"2":{"start":{"line":6,"column":0},"end":{"line":6,"column":55}},"3":{"start":{"line":8,"column":0},"end":{"line":8,"column":13}},"4":{"start":{"line":15,"column":2},"end":{"line":15,"column":null}},"5":{"start":{"line":23,"column":2},"end":{"line":23,"column":null}},"6":{"start":{"line":32,"column":2},"end":{"line":32,"column":null}}},"fnMap":{},"branchMap":{},"s":{"0":2,"1":2,"2":2,"3":2,"4":2,"5":2,"6":2},"f":{},"b":{}}
,"D:\\Projects\\auth-core-vault\\libs\\auth-vault\\src\\dto\\login-response.dto.ts": {"path":"D:\\Projects\\auth-core-vault\\libs\\auth-vault\\src\\dto\\login-response.dto.ts","statementMap":{"0":{"start":{"line":1,"column":0},"end":{"line":1,"column":67}},"1":{"start":{"line":2,"column":0},"end":{"line":2,"column":65}},"2":{"start":{"line":4,"column":0},"end":{"line":4,"column":13}},"3":{"start":{"line":11,"column":2},"end":{"line":11,"column":null}},"4":{"start":{"line":19,"column":2},"end":{"line":19,"column":null}},"5":{"start":{"line":28,"column":2},"end":{"line":28,"column":null}},"6":{"start":{"line":37,"column":2},"end":{"line":37,"column":null}},"7":{"start":{"line":45,"column":2},"end":{"line":45,"column":null}},"8":{"start":{"line":54,"column":2},"end":{"line":54,"column":null}},"9":{"start":{"line":62,"column":2},"end":{"line":62,"column":null}}},"fnMap":{},"branchMap":{},"s":{"0":2,"1":2,"2":2,"3":2,"4":2,"5":2,"6":2,"7":2,"8":2,"9":2},"f":{},"b":{}}
,"D:\\Projects\\auth-core-vault\\libs\\auth-vault\\src\\dto\\logout-credentials.dto.ts": {"path":"D:\\Projects\\auth-core-vault\\libs\\auth-vault\\src\\dto\\logout-credentials.dto.ts","statementMap":{"0":{"start":{"line":1,"column":0},"end":{"line":1,"column":67}},"1":{"start":{"line":2,"column":0},"end":{"line":2,"column":54}},"2":{"start":{"line":5,"column":2},"end":{"line":5,"column":80}},"3":{"start":{"line":7,"column":0},"end":{"line":7,"column":13}},"4":{"start":{"line":12,"column":2},"end":{"line":12,"column":null}},"5":{"start":{"line":9,"column":43},"end":{"line":9,"column":57}},"6":{"start":{"line":18,"column":2},"end":{"line":18,"column":null}},"7":{"start":{"line":15,"column":43},"end":{"line":15,"column":58}}},"fnMap":{"0":{"name":"(anonymous_2)","decl":{"start":{"line":9,"column":14},"end":{"line":9,"column":15}},"loc":{"start":{"line":9,"column":43},"end":{"line":9,"column":57}}},"1":{"name":"(anonymous_3)","decl":{"start":{"line":15,"column":14},"end":{"line":15,"column":15}},"loc":{"start":{"line":15,"column":43},"end":{"line":15,"column":58}}}},"branchMap":{},"s":{"0":3,"1":3,"2":3,"3":3,"4":3,"5":4,"6":3,"7":4},"f":{"0":4,"1":4},"b":{}}
,"D:\\Projects\\auth-core-vault\\libs\\auth-vault\\src\\dto\\logout-error-response.dto.ts": {"path":"D:\\Projects\\auth-core-vault\\libs\\auth-vault\\src\\dto\\logout-error-response.dto.ts","statementMap":{"0":{"start":{"line":1,"column":0},"end":{"line":1,"column":46}},"1":{"start":{"line":2,"column":0},"end":{"line":2,"column":55}},"2":{"start":{"line":4,"column":0},"end":{"line":4,"column":13}},"3":{"start":{"line":10,"column":2},"end":{"line":10,"column":null}},"4":{"start":{"line":17,"column":2},"end":{"line":17,"column":null}},"5":{"start":{"line":26,"column":2},"end":{"line":26,"column":null}}},"fnMap":{},"branchMap":{},"s":{"0":2,"1":2,"2":2,"3":2,"4":2,"5":2},"f":{},"b":{}}
,"D:\\Projects\\auth-core-vault\\libs\\auth-vault\\src\\dto\\logout-response.dto.ts": {"path":"D:\\Projects\\auth-core-vault\\libs\\auth-vault\\src\\dto\\logout-response.dto.ts","statementMap":{"0":{"start":{"line":1,"column":0},"end":{"line":1,"column":46}},"1":{"start":{"line":2,"column":0},"end":{"line":2,"column":43}},"2":{"start":{"line":4,"column":0},"end":{"line":4,"column":13}},"3":{"start":{"line":10,"column":2},"end":{"line":10,"column":null}}},"fnMap":{},"branchMap":{},"s":{"0":2,"1":2,"2":2,"3":2},"f":{},"b":{}}
,"D:\\Projects\\auth-core-vault\\libs\\auth-vault\\src\\dto\\realm-access.dto.ts": {"path":"D:\\Projects\\auth-core-vault\\libs\\auth-vault\\src\\dto\\realm-access.dto.ts","statementMap":{"0":{"start":{"line":1,"column":0},"end":{"line":1,"column":54}},"1":{"start":{"line":2,"column":0},"end":{"line":2,"column":64}},"2":{"start":{"line":5,"column":0},"end":{"line":5,"column":13}},"3":{"start":{"line":13,"column":2},"end":{"line":13,"column":null}}},"fnMap":{},"branchMap":{},"s":{"0":2,"1":2,"2":2,"3":2},"f":{},"b":{}}
,"D:\\Projects\\auth-core-vault\\libs\\auth-vault\\src\\dto\\refresh-token-credentials.dto.ts": {"path":"D:\\Projects\\auth-core-vault\\libs\\auth-vault\\src\\dto\\refresh-token-credentials.dto.ts","statementMap":{"0":{"start":{"line":1,"column":0},"end":{"line":1,"column":46}},"1":{"start":{"line":2,"column":0},"end":{"line":2,"column":43}},"2":{"start":{"line":4,"column":0},"end":{"line":4,"column":13}},"3":{"start":{"line":10,"column":2},"end":{"line":10,"column":null}}},"fnMap":{},"branchMap":{},"s":{"0":2,"1":2,"2":2,"3":2},"f":{},"b":{}}
,"D:\\Projects\\auth-core-vault\\libs\\auth-vault\\src\\dto\\refresh-token-error-response.dto.ts": {"path":"D:\\Projects\\auth-core-vault\\libs\\auth-vault\\src\\dto\\refresh-token-error-response.dto.ts","statementMap":{"0":{"start":{"line":1,"column":0},"end":{"line":1,"column":46}},"1":{"start":{"line":2,"column":0},"end":{"line":2,"column":55}},"2":{"start":{"line":4,"column":0},"end":{"line":4,"column":13}},"3":{"start":{"line":11,"column":2},"end":{"line":11,"column":null}},"4":{"start":{"line":19,"column":2},"end":{"line":19,"column":null}},"5":{"start":{"line":28,"column":2},"end":{"line":28,"column":null}}},"fnMap":{},"branchMap":{},"s":{"0":2,"1":2,"2":2,"3":2,"4":2,"5":2},"f":{},"b":{}}
,"D:\\Projects\\auth-core-vault\\libs\\auth-vault\\src\\dto\\refresh-token-response.dto.ts": {"path":"D:\\Projects\\auth-core-vault\\libs\\auth-vault\\src\\dto\\refresh-token-response.dto.ts","statementMap":{"0":{"start":{"line":1,"column":0},"end":{"line":1,"column":46}},"1":{"start":{"line":2,"column":0},"end":{"line":2,"column":53}},"2":{"start":{"line":4,"column":0},"end":{"line":4,"column":13}},"3":{"start":{"line":10,"column":2},"end":{"line":10,"column":null}},"4":{"start":{"line":17,"column":2},"end":{"line":17,"column":null}},"5":{"start":{"line":24,"column":2},"end":{"line":24,"column":null}},"6":{"start":{"line":31,"column":2},"end":{"line":31,"column":null}},"7":{"start":{"line":38,"column":2},"end":{"line":38,"column":null}},"8":{"start":{"line":45,"column":2},"end":{"line":45,"column":null}},"9":{"start":{"line":52,"column":2},"end":{"line":52,"column":null}}},"fnMap":{},"branchMap":{},"s":{"0":2,"1":2,"2":2,"3":2,"4":2,"5":2,"6":2,"7":2,"8":2,"9":2},"f":{},"b":{}}
,"D:\\Projects\\auth-core-vault\\libs\\auth-vault\\src\\dto\\resource-access.dto.ts": {"path":"D:\\Projects\\auth-core-vault\\libs\\auth-vault\\src\\dto\\resource-access.dto.ts","statementMap":{"0":{"start":{"line":1,"column":0},"end":{"line":1,"column":54}},"1":{"start":{"line":2,"column":0},"end":{"line":2,"column":64}},"2":{"start":{"line":5,"column":0},"end":{"line":5,"column":13}},"3":{"start":{"line":13,"column":2},"end":{"line":13,"column":null}}},"fnMap":{},"branchMap":{},"s":{"0":2,"1":2,"2":2,"3":2},"f":{},"b":{}}
,"D:\\Projects\\auth-core-vault\\libs\\auth-vault\\src\\dto\\token-credentials.dto.ts": {"path":"D:\\Projects\\auth-core-vault\\libs\\auth-vault\\src\\dto\\token-credentials.dto.ts","statementMap":{"0":{"start":{"line":1,"column":0},"end":{"line":1,"column":46}},"1":{"start":{"line":2,"column":0},"end":{"line":2,"column":43}},"2":{"start":{"line":5,"column":0},"end":{"line":5,"column":13}},"3":{"start":{"line":12,"column":2},"end":{"line":12,"column":null}}},"fnMap":{},"branchMap":{},"s":{"0":2,"1":2,"2":2,"3":2},"f":{},"b":{}}
,"D:\\Projects\\auth-core-vault\\libs\\auth-vault\\src\\dto\\user-info-error-response.dto.ts": {"path":"D:\\Projects\\auth-core-vault\\libs\\auth-vault\\src\\dto\\user-info-error-response.dto.ts","statementMap":{"0":{"start":{"line":1,"column":0},"end":{"line":1,"column":67}},"1":{"start":{"line":2,"column":0},"end":{"line":2,"column":55}},"2":{"start":{"line":3,"column":0},"end":{"line":3,"column":null}},"3":{"start":{"line":8,"column":0},"end":{"line":8,"column":13}},"4":{"start":{"line":15,"column":2},"end":{"line":15,"column":null}},"5":{"start":{"line":23,"column":2},"end":{"line":23,"column":null}},"6":{"start":{"line":32,"column":2},"end":{"line":32,"column":null}}},"fnMap":{},"branchMap":{},"s":{"0":2,"1":2,"2":2,"3":2,"4":2,"5":2,"6":2},"f":{},"b":{}}
,"D:\\Projects\\auth-core-vault\\libs\\auth-vault\\src\\dto\\user-info-response.dto.ts": {"path":"D:\\Projects\\auth-core-vault\\libs\\auth-vault\\src\\dto\\user-info-response.dto.ts","statementMap":{"0":{"start":{"line":1,"column":0},"end":{"line":1,"column":67}},"1":{"start":{"line":2,"column":0},"end":{"line":2,"column":54}},"2":{"start":{"line":4,"column":0},"end":{"line":4,"column":13}},"3":{"start":{"line":10,"column":2},"end":{"line":10,"column":null}},"4":{"start":{"line":17,"column":2},"end":{"line":17,"column":null}},"5":{"start":{"line":24,"column":2},"end":{"line":24,"column":null}},"6":{"start":{"line":31,"column":2},"end":{"line":31,"column":null}},"7":{"start":{"line":38,"column":2},"end":{"line":38,"column":null}},"8":{"start":{"line":45,"column":2},"end":{"line":45,"column":null}},"9":{"start":{"line":52,"column":2},"end":{"line":52,"column":null}},"10":{"start":{"line":59,"column":2},"end":{"line":59,"column":null}}},"fnMap":{},"branchMap":{},"s":{"0":2,"1":2,"2":2,"3":2,"4":2,"5":2,"6":2,"7":2,"8":2,"9":2,"10":2},"f":{},"b":{}}
,"D:\\Projects\\auth-core-vault\\libs\\auth-vault\\src\\dto\\validate-error-response.dto.ts": {"path":"D:\\Projects\\auth-core-vault\\libs\\auth-vault\\src\\dto\\validate-error-response.dto.ts","statementMap":{"0":{"start":{"line":1,"column":0},"end":{"line":1,"column":13}}},"fnMap":{},"branchMap":{},"s":{"0":2},"f":{},"b":{}}
,"D:\\Projects\\auth-core-vault\\libs\\auth-vault\\src\\dto\\validate-response.dto.ts": {"path":"D:\\Projects\\auth-core-vault\\libs\\auth-vault\\src\\dto\\validate-response.dto.ts","statementMap":{"0":{"start":{"line":1,"column":0},"end":{"line":1,"column":67}},"1":{"start":{"line":2,"column":0},"end":{"line":2,"column":null}},"2":{"start":{"line":11,"column":0},"end":{"line":11,"column":59}},"3":{"start":{"line":17,"column":0},"end":{"line":17,"column":13}},"4":{"start":{"line":23,"column":2},"end":{"line":23,"column":null}},"5":{"start":{"line":30,"column":2},"end":{"line":30,"column":null}},"6":{"start":{"line":37,"column":2},"end":{"line":37,"column":null}},"7":{"start":{"line":44,"column":2},"end":{"line":44,"column":null}},"8":{"start":{"line":52,"column":2},"end":{"line":52,"column":null}},"9":{"start":{"line":60,"column":2},"end":{"line":60,"column":null}},"10":{"start":{"line":68,"column":2},"end":{"line":68,"column":null}},"11":{"start":{"line":76,"column":2},"end":{"line":76,"column":null}},"12":{"start":{"line":84,"column":2},"end":{"line":84,"column":null}},"13":{"start":{"line":92,"column":2},"end":{"line":92,"column":null}},"14":{"start":{"line":100,"column":2},"end":{"line":100,"column":null}},"15":{"start":{"line":108,"column":2},"end":{"line":108,"column":null}},"16":{"start":{"line":116,"column":2},"end":{"line":116,"column":null}},"17":{"start":{"line":124,"column":2},"end":{"line":124,"column":null}},"18":{"start":{"line":132,"column":2},"end":{"line":132,"column":null}},"19":{"start":{"line":145,"column":2},"end":{"line":145,"column":null}},"20":{"start":{"line":153,"column":2},"end":{"line":153,"column":null}},"21":{"start":{"line":161,"column":2},"end":{"line":161,"column":null}},"22":{"start":{"line":172,"column":2},"end":{"line":172,"column":null}}},"fnMap":{},"branchMap":{"0":{"loc":{"start":{"line":153,"column":17},"end":{"line":153,"column":32}},"type":"cond-expr","locations":[{"start":{"line":153,"column":31},"end":{"line":153,"column":32}},{"start":{"line":153,"column":31},"end":{"line":153,"column":32}}]},"1":{"loc":{"start":{"line":153,"column":17},"end":{"line":153,"column":31}},"type":"binary-expr","locations":[{"start":{"line":153,"column":17},"end":{"line":153,"column":32}},{"start":{"line":153,"column":17},"end":{"line":153,"column":31}}]},"2":{"loc":{"start":{"line":161,"column":20},"end":{"line":161,"column":54}},"type":"cond-expr","locations":[{"start":{"line":161,"column":26},"end":{"line":161,"column":54}},{"start":{"line":161,"column":26},"end":{"line":161,"column":54}}]},"3":{"loc":{"start":{"line":161,"column":20},"end":{"line":161,"column":26}},"type":"binary-expr","locations":[{"start":{"line":161,"column":20},"end":{"line":161,"column":54}},{"start":{"line":161,"column":20},"end":{"line":161,"column":26}}]},"4":{"loc":{"start":{"line":172,"column":21},"end":{"line":172,"column":45}},"type":"cond-expr","locations":[{"start":{"line":172,"column":27},"end":{"line":172,"column":45}},{"start":{"line":172,"column":27},"end":{"line":172,"column":45}}]},"5":{"loc":{"start":{"line":172,"column":21},"end":{"line":172,"column":27}},"type":"binary-expr","locations":[{"start":{"line":172,"column":21},"end":{"line":172,"column":45}},{"start":{"line":172,"column":21},"end":{"line":172,"column":27}}]}},"s":{"0":2,"1":2,"2":2,"3":2,"4":2,"5":2,"6":2,"7":2,"8":2,"9":2,"10":2,"11":2,"12":2,"13":2,"14":2,"15":2,"16":2,"17":2,"18":2,"19":2,"20":2,"21":2,"22":2},"f":{},"b":{"0":[1,1],"1":[2,1],"2":[0,2],"3":[2,0],"4":[0,2],"5":[2,0]}}
,"D:\\Projects\\auth-core-vault\\libs\\auth-vault\\src\\guards\\auth.guard.ts": {"path":"D:\\Projects\\auth-core-vault\\libs\\auth-vault\\src\\guards\\auth.guard.ts","statementMap":{"0":{"start":{"line":1,"column":0},"end":{"line":1,"column":null}},"1":{"start":{"line":9,"column":0},"end":{"line":9,"column":41}},"2":{"start":{"line":10,"column":0},"end":{"line":10,"column":null}},"3":{"start":{"line":16,"column":0},"end":{"line":16,"column":null}},"4":{"start":{"line":20,"column":0},"end":{"line":20,"column":61}},"5":{"start":{"line":23,"column":0},"end":{"line":23,"column":89}},"6":{"start":{"line":24,"column":0},"end":{"line":24,"column":47}},"7":{"start":{"line":41,"column":22},"end":{"line":139,"column":null}},"8":{"start":{"line":46,"column":21},"end":{"line":46,"column":56}},"9":{"start":{"line":47,"column":21},"end":{"line":47,"column":32}},"10":{"start":{"line":52,"column":21},"end":{"line":52,"column":47}},"11":{"start":{"line":54,"column":4},"end":{"line":54,"column":47}},"12":{"start":{"line":58,"column":21},"end":{"line":61,"column":6}},"13":{"start":{"line":63,"column":22},"end":{"line":63,"column":74}},"14":{"start":{"line":64,"column":22},"end":{"line":71,"column":25}},"15":{"start":{"line":74,"column":4},"end":{"line":74,"column":30}},"16":{"start":{"line":74,"column":18},"end":{"line":74,"column":30}},"17":{"start":{"line":77,"column":6},"end":{"line":79,"column":13}},"18":{"start":{"line":80,"column":23},"end":{"line":80,"column":48}},"19":{"start":{"line":83,"column":4},"end":{"line":86,"column":5}},"20":{"start":{"line":84,"column":6},"end":{"line":84,"column":61}},"21":{"start":{"line":85,"column":6},"end":{"line":85,"column":71}},"22":{"start":{"line":89,"column":4},"end":{"line":89,"column":44}},"23":{"start":{"line":89,"column":32},"end":{"line":89,"column":44}},"24":{"start":{"line":91,"column":4},"end":{"line":91,"column":71}},"25":{"start":{"line":93,"column":21},"end":{"line":93,"column":73}},"26":{"start":{"line":95,"column":4},"end":{"line":106,"column":5}},"27":{"start":{"line":96,"column":6},"end":{"line":96,"column":35}},"28":{"start":{"line":97,"column":6},"end":{"line":97,"column":70}},"29":{"start":{"line":99,"column":6},"end":{"line":99,"column":32}},"30":{"start":{"line":101,"column":6},"end":{"line":103,"column":9}},"31":{"start":{"line":105,"column":6},"end":{"line":105,"column":18}},"32":{"start":{"line":108,"column":4},"end":{"line":114,"column":5}},"33":{"start":{"line":109,"column":6},"end":{"line":112,"column":8}},"34":{"start":{"line":113,"column":6},"end":{"line":113,"column":18}},"35":{"start":{"line":116,"column":4},"end":{"line":116,"column":68}},"36":{"start":{"line":117,"column":4},"end":{"line":117,"column":72}},"37":{"start":{"line":124,"column":4},"end":{"line":127,"column":5}},"38":{"start":{"line":125,"column":6},"end":{"line":125,"column":76}},"39":{"start":{"line":126,"column":6},"end":{"line":126,"column":18}},"40":{"start":{"line":129,"column":17},"end":{"line":129,"column":58}},"41":{"start":{"line":132,"column":4},"end":{"line":135,"column":5}},"42":{"start":{"line":133,"column":6},"end":{"line":133,"column":71}},"43":{"start":{"line":134,"column":6},"end":{"line":134,"column":18}},"44":{"start":{"line":137,"column":4},"end":{"line":137,"column":19}},"45":{"start":{"line":41,"column":13},"end":{"line":41,"column":22}},"46":{"start":{"line":41,"column":13},"end":{"line":139,"column":null}}},"fnMap":{"0":{"name":"(anonymous_4)","decl":{"start":{"line":44,"column":2},"end":{"line":44,"column":null}},"loc":{"start":{"line":52,"column":47},"end":{"line":55,"column":3}}},"1":{"name":"(anonymous_5)","decl":{"start":{"line":57,"column":2},"end":{"line":57,"column":7}},"loc":{"start":{"line":57,"column":45},"end":{"line":118,"column":3}}},"2":{"name":"(anonymous_6)","decl":{"start":{"line":120,"column":10},"end":{"line":120,"column":30}},"loc":{"start":{"line":123,"column":3},"end":{"line":138,"column":3}}}},"branchMap":{"0":{"loc":{"start":{"line":63,"column":22},"end":{"line":63,"column":74}},"type":"binary-expr","locations":[{"start":{"line":63,"column":22},"end":{"line":63,"column":45}},{"start":{"line":63,"column":49},"end":{"line":63,"column":74}}]},"1":{"loc":{"start":{"line":74,"column":4},"end":{"line":74,"column":30}},"type":"if","locations":[{"start":{"line":74,"column":4},"end":{"line":74,"column":30}},{"start":{},"end":{}}]},"2":{"loc":{"start":{"line":77,"column":6},"end":{"line":79,"column":13}},"type":"binary-expr","locations":[{"start":{"line":77,"column":6},"end":{"line":78,"column":null}},{"start":{"line":79,"column":11},"end":{"line":79,"column":13}}]},"3":{"loc":{"start":{"line":80,"column":23},"end":{"line":80,"column":48}},"type":"binary-expr","locations":[{"start":{"line":80,"column":23},"end":{"line":80,"column":27}},{"start":{"line":80,"column":31},"end":{"line":80,"column":48}}]},"4":{"loc":{"start":{"line":83,"column":4},"end":{"line":86,"column":5}},"type":"if","locations":[{"start":{"line":83,"column":4},"end":{"line":86,"column":5}},{"start":{},"end":{}}]},"5":{"loc":{"start":{"line":83,"column":8},"end":{"line":83,"column":31}},"type":"binary-expr","locations":[{"start":{"line":83,"column":8},"end":{"line":83,"column":17}},{"start":{"line":83,"column":21},"end":{"line":83,"column":31}}]},"6":{"loc":{"start":{"line":89,"column":4},"end":{"line":89,"column":44}},"type":"if","locations":[{"start":{"line":89,"column":4},"end":{"line":89,"column":44}},{"start":{},"end":{}}]},"7":{"loc":{"start":{"line":89,"column":8},"end":{"line":89,"column":30}},"type":"binary-expr","locations":[{"start":{"line":89,"column":8},"end":{"line":89,"column":16}},{"start":{"line":89,"column":20},"end":{"line":89,"column":30}}]},"8":{"loc":{"start":{"line":95,"column":4},"end":{"line":106,"column":5}},"type":"if","locations":[{"start":{"line":95,"column":4},"end":{"line":106,"column":5}},{"start":{},"end":{}}]},"9":{"loc":{"start":{"line":108,"column":4},"end":{"line":114,"column":5}},"type":"if","locations":[{"start":{"line":108,"column":4},"end":{"line":114,"column":5}},{"start":{},"end":{}}]},"10":{"loc":{"start":{"line":124,"column":4},"end":{"line":127,"column":5}},"type":"if","locations":[{"start":{"line":124,"column":4},"end":{"line":127,"column":5}},{"start":{},"end":{}}]},"11":{"loc":{"start":{"line":124,"column":8},"end":{"line":124,"column":42}},"type":"binary-expr","locations":[{"start":{"line":124,"column":8},"end":{"line":124,"column":15}},{"start":{"line":124,"column":19},"end":{"line":124,"column":42}}]},"12":{"loc":{"start":{"line":129,"column":18},"end":{"line":129,"column":46}},"type":"binary-expr","locations":[{"start":{"line":129,"column":18},"end":{"line":129,"column":40}},{"start":{"line":129,"column":44},"end":{"line":129,"column":46}}]},"13":{"loc":{"start":{"line":132,"column":4},"end":{"line":135,"column":5}},"type":"if","locations":[{"start":{"line":132,"column":4},"end":{"line":135,"column":5}},{"start":{},"end":{}}]},"14":{"loc":{"start":{"line":47,"column":32},"end":{"line":47,"column":null}},"type":"cond-expr","locations":[{"start":{"line":47,"column":41},"end":{"line":47,"column":null}},{"start":{"line":47,"column":41},"end":{"line":47,"column":null}}]},"15":{"loc":{"start":{"line":47,"column":32},"end":{"line":47,"column":41}},"type":"binary-expr","locations":[{"start":{"line":47,"column":32},"end":{"line":47,"column":null}},{"start":{"line":47,"column":32},"end":{"line":47,"column":41}}]}},"s":{"0":4,"1":4,"2":4,"3":4,"4":4,"5":4,"6":4,"7":4,"8":20,"9":20,"10":20,"11":20,"12":13,"13":13,"14":13,"15":13,"16":1,"17":12,"18":12,"19":12,"20":6,"21":6,"22":6,"23":3,"24":3,"25":3,"26":3,"27":1,"28":1,"29":1,"30":1,"31":1,"32":2,"33":1,"34":1,"35":1,"36":1,"37":12,"38":6,"39":6,"40":6,"41":6,"42":2,"43":2,"44":4,"45":4,"46":4},"f":{"0":20,"1":13,"2":12},"b":{"0":[13,12],"1":[1,12],"2":[12,8],"3":[12,3],"4":[6,6],"5":[12,8],"6":[3,3],"7":[6,4],"8":[1,2],"9":[1,1],"10":[6,6],"11":[12,11],"12":[6,1],"13":[2,4],"14":[4,0],"15":[4,4]}}
,"D:\\Projects\\auth-core-vault\\libs\\auth-vault\\src\\guards\\index.ts": {"path":"D:\\Projects\\auth-core-vault\\libs\\auth-vault\\src\\guards\\index.ts","statementMap":{"0":{"start":{"line":5,"column":0},"end":{"line":5,"column":29}},"1":{"start":{"line":6,"column":0},"end":{"line":6,"column":33}},"2":{"start":{"line":7,"column":0},"end":{"line":7,"column":29}}},"fnMap":{},"branchMap":{},"s":{"0":3,"1":3,"2":3},"f":{},"b":{}}
,"D:\\Projects\\auth-core-vault\\libs\\auth-vault\\src\\guards\\resource.guard.ts": {"path":"D:\\Projects\\auth-core-vault\\libs\\auth-vault\\src\\guards\\resource.guard.ts","statementMap":{"0":{"start":{"line":1,"column":0},"end":{"line":1,"column":null}},"1":{"start":{"line":9,"column":0},"end":{"line":9,"column":41}},"2":{"start":{"line":11,"column":0},"end":{"line":11,"column":null}},"3":{"start":{"line":18,"column":0},"end":{"line":18,"column":57}},"4":{"start":{"line":20,"column":0},"end":{"line":20,"column":null}},"5":{"start":{"line":31,"column":0},"end":{"line":31,"column":89}},"6":{"start":{"line":33,"column":0},"end":{"line":33,"column":47}},"7":{"start":{"line":54,"column":26},"end":{"line":190,"column":null}},"8":{"start":{"line":58,"column":21},"end":{"line":58,"column":32}},"9":{"start":{"line":60,"column":21},"end":{"line":60,"column":56}},"10":{"start":{"line":65,"column":21},"end":{"line":65,"column":52}},"11":{"start":{"line":67,"column":4},"end":{"line":67,"column":51}},"12":{"start":{"line":71,"column":21},"end":{"line":73,"column":null}},"13":{"start":{"line":77,"column":6},"end":{"line":77,"column":75}},"14":{"start":{"line":79,"column":30},"end":{"line":81,"column":null}},"15":{"start":{"line":84,"column":21},"end":{"line":87,"column":6}},"16":{"start":{"line":89,"column":25},"end":{"line":91,"column":null}},"17":{"start":{"line":97,"column":6},"end":{"line":99,"column":38}},"18":{"start":{"line":101,"column":6},"end":{"line":101,"column":64}},"19":{"start":{"line":104,"column":22},"end":{"line":104,"column":74}},"20":{"start":{"line":105,"column":22},"end":{"line":107,"column":null}},"21":{"start":{"line":111,"column":4},"end":{"line":111,"column":30}},"22":{"start":{"line":111,"column":18},"end":{"line":111,"column":30}},"23":{"start":{"line":113,"column":4},"end":{"line":118,"column":5}},"24":{"start":{"line":114,"column":6},"end":{"line":116,"column":8}},"25":{"start":{"line":117,"column":6},"end":{"line":117,"column":18}},"26":{"start":{"line":120,"column":4},"end":{"line":132,"column":5}},"27":{"start":{"line":121,"column":6},"end":{"line":130,"column":7}},"28":{"start":{"line":122,"column":8},"end":{"line":124,"column":10}},"29":{"start":{"line":126,"column":8},"end":{"line":128,"column":10}},"30":{"start":{"line":129,"column":8},"end":{"line":129,"column":67}},"31":{"start":{"line":131,"column":6},"end":{"line":131,"column":25}},"32":{"start":{"line":136,"column":6},"end":{"line":138,"column":12}},"33":{"start":{"line":140,"column":19},"end":{"line":140,"column":66}},"34":{"start":{"line":143,"column":4},"end":{"line":143,"column":28}},"35":{"start":{"line":145,"column":4},"end":{"line":157,"column":5}},"36":{"start":{"line":146,"column":6},"end":{"line":155,"column":7}},"37":{"start":{"line":147,"column":8},"end":{"line":149,"column":10}},"38":{"start":{"line":151,"column":8},"end":{"line":153,"column":10}},"39":{"start":{"line":154,"column":8},"end":{"line":154,"column":67}},"40":{"start":{"line":156,"column":6},"end":{"line":156,"column":25}},"41":{"start":{"line":159,"column":4},"end":{"line":161,"column":6}},"42":{"start":{"line":163,"column":22},"end":{"line":163,"column":64}},"43":{"start":{"line":165,"column":4},"end":{"line":170,"column":5}},"44":{"start":{"line":166,"column":6},"end":{"line":168,"column":8}},"45":{"start":{"line":169,"column":6},"end":{"line":169,"column":73}},"46":{"start":{"line":172,"column":22},"end":{"line":174,"column":null}},"47":{"start":{"line":176,"column":22},"end":{"line":176,"column":71}},"48":{"start":{"line":176,"column":45},"end":{"line":176,"column":70}},"49":{"start":{"line":178,"column":4},"end":{"line":183,"column":5}},"50":{"start":{"line":179,"column":6},"end":{"line":181,"column":8}},"51":{"start":{"line":182,"column":6},"end":{"line":182,"column":73}},"52":{"start":{"line":185,"column":4},"end":{"line":187,"column":6}},"53":{"start":{"line":188,"column":4},"end":{"line":188,"column":16}},"54":{"start":{"line":54,"column":13},"end":{"line":54,"column":26}},"55":{"start":{"line":54,"column":13},"end":{"line":190,"column":null}}},"fnMap":{"0":{"name":"(anonymous_4)","decl":{"start":{"line":57,"column":2},"end":{"line":57,"column":null}},"loc":{"start":{"line":65,"column":52},"end":{"line":68,"column":3}}},"1":{"name":"(anonymous_5)","decl":{"start":{"line":70,"column":2},"end":{"line":70,"column":7}},"loc":{"start":{"line":70,"column":45},"end":{"line":189,"column":3}}},"2":{"name":"(anonymous_6)","decl":{"start":{"line":176,"column":34},"end":{"line":176,"column":35}},"loc":{"start":{"line":176,"column":45},"end":{"line":176,"column":70}}}},"branchMap":{"0":{"loc":{"start":{"line":77,"column":6},"end":{"line":77,"column":75}},"type":"binary-expr","locations":[{"start":{"line":77,"column":6},"end":{"line":77,"column":69}},{"start":{"line":77,"column":73},"end":{"line":77,"column":75}}]},"1":{"loc":{"start":{"line":97,"column":6},"end":{"line":99,"column":38}},"type":"binary-expr","locations":[{"start":{"line":97,"column":6},"end":{"line":97,"column":41}},{"start":{"line":98,"column":6},"end":{"line":98,"column":41}},{"start":{"line":99,"column":6},"end":{"line":99,"column":38}}]},"2":{"loc":{"start":{"line":104,"column":22},"end":{"line":104,"column":74}},"type":"binary-expr","locations":[{"start":{"line":104,"column":22},"end":{"line":104,"column":45}},{"start":{"line":104,"column":49},"end":{"line":104,"column":74}}]},"3":{"loc":{"start":{"line":111,"column":4},"end":{"line":111,"column":30}},"type":"if","locations":[{"start":{"line":111,"column":4},"end":{"line":111,"column":30}},{"start":{},"end":{}}]},"4":{"loc":{"start":{"line":113,"column":4},"end":{"line":118,"column":5}},"type":"if","locations":[{"start":{"line":113,"column":4},"end":{"line":118,"column":5}},{"start":{},"end":{}}]},"5":{"loc":{"start":{"line":113,"column":8},"end":{"line":113,"column":33}},"type":"binary-expr","locations":[{"start":{"line":113,"column":8},"end":{"line":113,"column":21}},{"start":{"line":113,"column":25},"end":{"line":113,"column":33}}]},"6":{"loc":{"start":{"line":120,"column":4},"end":{"line":132,"column":5}},"type":"if","locations":[{"start":{"line":120,"column":4},"end":{"line":132,"column":5}},{"start":{},"end":{}}]},"7":{"loc":{"start":{"line":121,"column":6},"end":{"line":130,"column":7}},"type":"if","locations":[{"start":{"line":121,"column":6},"end":{"line":130,"column":7}},{"start":{"line":125,"column":11},"end":{"line":130,"column":7}}]},"8":{"loc":{"start":{"line":136,"column":6},"end":{"line":138,"column":12}},"type":"cond-expr","locations":[{"start":{"line":137,"column":10},"end":{"line":137,"column":63}},{"start":{"line":138,"column":10},"end":{"line":138,"column":12}}]},"9":{"loc":{"start":{"line":137,"column":37},"end":{"line":137,"column":62}},"type":"binary-expr","locations":[{"start":{"line":137,"column":37},"end":{"line":137,"column":56}},{"start":{"line":137,"column":60},"end":{"line":137,"column":62}}]},"10":{"loc":{"start":{"line":145,"column":4},"end":{"line":157,"column":5}},"type":"if","locations":[{"start":{"line":145,"column":4},"end":{"line":157,"column":5}},{"start":{},"end":{}}]},"11":{"loc":{"start":{"line":145,"column":8},"end":{"line":145,"column":33}},"type":"binary-expr","locations":[{"start":{"line":145,"column":8},"end":{"line":145,"column":15}},{"start":{"line":145,"column":19},"end":{"line":145,"column":33}}]},"12":{"loc":{"start":{"line":146,"column":6},"end":{"line":155,"column":7}},"type":"if","locations":[{"start":{"line":146,"column":6},"end":{"line":155,"column":7}},{"start":{"line":150,"column":11},"end":{"line":155,"column":7}}]},"13":{"loc":{"start":{"line":163,"column":22},"end":{"line":163,"column":64}},"type":"binary-expr","locations":[{"start":{"line":163,"column":22},"end":{"line":163,"column":54}},{"start":{"line":163,"column":58},"end":{"line":163,"column":64}}]},"14":{"loc":{"start":{"line":165,"column":4},"end":{"line":170,"column":5}},"type":"if","locations":[{"start":{"line":165,"column":4},"end":{"line":170,"column":5}},{"start":{},"end":{}}]},"15":{"loc":{"start":{"line":178,"column":4},"end":{"line":183,"column":5}},"type":"if","locations":[{"start":{"line":178,"column":4},"end":{"line":183,"column":5}},{"start":{},"end":{}}]},"16":{"loc":{"start":{"line":58,"column":32},"end":{"line":58,"column":null}},"type":"cond-expr","locations":[{"start":{"line":58,"column":41},"end":{"line":58,"column":null}},{"start":{"line":58,"column":41},"end":{"line":58,"column":null}}]},"17":{"loc":{"start":{"line":58,"column":32},"end":{"line":58,"column":41}},"type":"binary-expr","locations":[{"start":{"line":58,"column":32},"end":{"line":58,"column":null}},{"start":{"line":58,"column":32},"end":{"line":58,"column":41}}]}},"s":{"0":4,"1":4,"2":4,"3":4,"4":4,"5":4,"6":4,"7":4,"8":19,"9":19,"10":19,"11":19,"12":13,"13":13,"14":13,"15":13,"16":13,"17":13,"18":13,"19":13,"20":13,"21":13,"22":1,"23":12,"24":1,"25":1,"26":11,"27":4,"28":1,"29":3,"30":3,"31":1,"32":7,"33":7,"34":7,"35":7,"36":2,"37":1,"38":1,"39":1,"40":1,"41":5,"42":5,"43":5,"44":1,"45":1,"46":4,"47":4,"48":4,"49":4,"50":1,"51":1,"52":3,"53":3,"54":4,"55":4},"f":{"0":19,"1":13,"2":4},"b":{"0":[13,6],"1":[13,10,9],"2":[13,13],"3":[1,12],"4":[1,11],"5":[12,6],"6":[4,7],"7":[1,3],"8":[2,5],"9":[2,1],"10":[2,5],"11":[7,7],"12":[1,1],"13":[5,1],"14":[1,4],"15":[1,3],"16":[4,0],"17":[4,4]}}
[...]
tart":{"line":264,"column":34},"end":{"line":264,"column":61}},{"start":{"line":265,"column":16},"end":{"line":265,"column":49}}]},"23":{"loc":{"start":{"line":278,"column":19},"end":{"line":278,"column":43}},"type":"binary-expr","locations":[{"start":{"line":278,"column":19},"end":{"line":278,"column":37}},{"start":{"line":278,"column":41},"end":{"line":278,"column":43}}]},"24":{"loc":{"start":{"line":281,"column":20},"end":{"line":281,"column":47}},"type":"binary-expr","locations":[{"start":{"line":281,"column":20},"end":{"line":281,"column":40}},{"start":{"line":281,"column":44},"end":{"line":281,"column":47}}]},"25":{"loc":{"start":{"line":283,"column":18},"end":{"line":283,"column":52}},"type":"binary-expr","locations":[{"start":{"line":283,"column":18},"end":{"line":283,"column":39}},{"start":{"line":283,"column":43},"end":{"line":283,"column":52}}]},"26":{"loc":{"start":{"line":286,"column":13},"end":{"line":286,"column":74}},"type":"binary-expr","locations":[{"start":{"line":286,"column":13},"end":{"line":286,"column":46}},{"start":{"line":286,"column":51},"end":{"line":286,"column":74}}]},"27":{"loc":{"start":{"line":294,"column":4},"end":{"line":295,"column":57}},"type":"if","locations":[{"start":{"line":294,"column":4},"end":{"line":295,"column":57}},{"start":{},"end":{}}]},"28":{"loc":{"start":{"line":297,"column":4},"end":{"line":298,"column":70}},"type":"if","locations":[{"start":{"line":297,"column":4},"end":{"line":298,"column":70}},{"start":{},"end":{}}]},"29":{"loc":{"start":{"line":300,"column":4},"end":{"line":300,"column":66}},"type":"if","locations":[{"start":{"line":300,"column":4},"end":{"line":300,"column":66}},{"start":{},"end":{}}]},"30":{"loc":{"start":{"line":307,"column":4},"end":{"line":308,"column":57}},"type":"if","locations":[{"start":{"line":307,"column":4},"end":{"line":308,"column":57}},{"start":{},"end":{}}]},"31":{"loc":{"start":{"line":309,"column":4},"end":{"line":314,"column":5}},"type":"if","locations":[{"start":{"line":309,"column":4},"end":{"line":314,"column":5}},{"start":{},"end":{}}]},"32":{"loc":{"start":{"line":309,"column":8},"end":{"line":309,"column":72}},"type":"binary-expr","locations":[{"start":{"line":309,"column":8},"end":{"line":309,"column":28}},{"start":{"line":309,"column":32},"end":{"line":309,"column":72}}]},"33":{"loc":{"start":{"line":311,"column":8},"end":{"line":312,"column":57}},"type":"if","locations":[{"start":{"line":311,"column":8},"end":{"line":312,"column":57}},{"start":{},"end":{}}]},"34":{"loc":{"start":{"line":315,"column":4},"end":{"line":315,"column":66}},"type":"if","locations":[{"start":{"line":315,"column":4},"end":{"line":315,"column":66}},{"start":{},"end":{}}]},"35":{"loc":{"start":{"line":34,"column":36},"end":{"line":34,"column":null}},"type":"cond-expr","locations":[{"start":{"line":34,"column":47},"end":{"line":34,"column":null}},{"start":{"line":34,"column":47},"end":{"line":34,"column":null}}]},"36":{"loc":{"start":{"line":34,"column":36},"end":{"line":34,"column":47}},"type":"binary-expr","locations":[{"start":{"line":34,"column":36},"end":{"line":34,"column":null}},{"start":{"line":34,"column":36},"end":{"line":34,"column":47}}]}},"s":{"0":4,"1":4,"2":4,"3":4,"4":4,"5":4,"6":4,"7":4,"8":4,"9":20,"10":20,"11":20,"12":20,"13":3,"14":3,"15":3,"16":1,"17":1,"18":2,"19":2,"20":2,"21":2,"22":2,"23":2,"24":2,"25":2,"26":2,"27":1,"28":1,"29":1,"30":1,"31":1,"32":2,"33":2,"34":2,"35":1,"36":1,"37":1,"38":1,"39":1,"40":2,"41":2,"42":1,"43":1,"44":1,"45":1,"46":1,"47":2,"48":2,"49":2,"50":2,"51":2,"52":1,"53":1,"54":1,"55":1,"56":1,"57":2,"58":2,"59":1,"60":2,"61":2,"62":1,"63":1,"64":2,"65":1,"66":1,"67":2,"68":2,"69":2,"70":1,"71":1,"72":2,"73":1,"74":2,"75":2,"76":2,"77":2,"78":1,"79":1,"80":2,"81":4,"82":4},"f":{"0":20,"1":20,"2":3,"3":2,"4":2,"5":2,"6":2,"7":2,"8":2,"9":1,"10":1,"11":2,"12":1,"13":2,"14":1},"b":{"0":[2,0],"1":[2,1],"2":[2,1],"3":[2,0],"4":[2,0],"5":[2,0],"6":[2,2,2],"7":[1,1],"8":[2,2],"9":[1,0],"10":[1,0],"11":[1,0],"12":[1,0],"13":[1,0],"14":[1,0],"15":[1,0],"16":[1,0],"17":[1,0],"18":[1,1],"19":[1,1],"20":[2,2],"21":[1,1],"22":[1,1],"23":[1,0],"24":[1,0],"25":[1,0],"26":[1,0],"27":[1,1],"28":[1,1],"29":[1,1],"30":[1,1],"31":[1,1],"32":[2,1],"33":[2,0],"34":[1,1],"35":[4,0],"36":[4,4]}}
,"D:\\Projects\\auth-core-vault\\libs\\auth-vault\\src\\strategies\\keycloak\\dto\\keycloak-config.dto.ts": {"path":"D:\\Projects\\auth-core-vault\\libs\\auth-vault\\src\\strategies\\keycloak\\dto\\keycloak-config.dto.ts","statementMap":{"0":{"start":{"line":1,"column":0},"end":{"line":1,"column":null}},"1":{"start":{"line":14,"column":0},"end":{"line":14,"column":13}},"2":{"start":{"line":17,"column":2},"end":{"line":17,"column":null}},"3":{"start":{"line":21,"column":2},"end":{"line":21,"column":null}},"4":{"start":{"line":25,"column":2},"end":{"line":25,"column":null}},"5":{"start":{"line":30,"column":2},"end":{"line":30,"column":null}},"6":{"start":{"line":35,"column":2},"end":{"line":35,"column":null}},"7":{"start":{"line":40,"column":2},"end":{"line":40,"column":null}},"8":{"start":{"line":45,"column":2},"end":{"line":45,"column":null}},"9":{"start":{"line":51,"column":2},"end":{"line":51,"column":null}},"10":{"start":{"line":56,"column":2},"end":{"line":56,"column":null}},"11":{"start":{"line":61,"column":2},"end":{"line":61,"column":null}}},"fnMap":{},"branchMap":{},"s":{"0":6,"1":6,"2":6,"3":6,"4":6,"5":6,"6":6,"7":6,"8":6,"9":6,"10":6,"11":6},"f":{},"b":{}}
,"D:\\Projects\\auth-core-vault\\libs\\auth-vault\\src\\strategies\\keycloak\\mappers\\auth-keycloak.mapper.ts": {"path":"D:\\Projects\\auth-core-vault\\libs\\auth-vault\\src\\strategies\\keycloak\\mappers\\auth-keycloak.mapper.ts","statementMap":{"0":{"start":{"line":6,"column":0},"end":{"line":6,"column":16}},"1":{"start":{"line":1,"column":0},"end":{"line":1,"column":null}},"2":{"start":{"line":9,"column":51},"end":{"line":18,"column":4}},"3":{"start":{"line":19,"column":2},"end":{"line":19,"column":67}}},"fnMap":{"0":{"name":"getAuthErrorMessage","decl":{"start":{"line":6,"column":16},"end":{"line":6,"column":35}},"loc":{"start":{"line":7,"column":27},"end":{"line":20,"column":1}}}},"branchMap":{"0":{"loc":{"start":{"line":19,"column":9},"end":{"line":19,"column":66}},"type":"binary-expr","locations":[{"start":{"line":19,"column":9},"end":{"line":19,"column":28}},{"start":{"line":19,"column":32},"end":{"line":19,"column":66}}]},"1":{"loc":{"start":{"line":19,"column":16},"end":{"line":19,"column":27}},"type":"binary-expr","locations":[{"start":{"line":19,"column":16},"end":{"line":19,"column":21}},{"start":{"line":19,"column":25},"end":{"line":19,"column":27}}]}},"s":{"0":5,"1":5,"2":12,"3":12},"f":{"0":12},"b":{"0":[12,4],"1":[12,2]}}
,"D:\\Projects\\auth-core-vault\\libs\\auth-vault\\src\\strategies\\keycloak\\services\\keycloak-url.builder.ts": {"path":"D:\\Projects\\auth-core-vault\\libs\\auth-vault\\src\\strategies\\keycloak\\services\\keycloak-url.builder.ts","statementMap":{"0":{"start":{"line":4,"column":31},"end":{"line":4,"column":68}},"1":{"start":{"line":7,"column":4},"end":{"line":7,"column":90}},"2":{"start":{"line":11,"column":4},"end":{"line":11,"column":93}},"3":{"start":{"line":15,"column":4},"end":{"line":15,"column":91}},"4":{"start":{"line":19,"column":4},"end":{"line":19,"column":90}},"5":{"start":{"line":23,"column":4},"end":{"line":23,"column":90}},"6":{"start":{"line":27,"column":4},"end":{"line":27,"column":101}},"7":{"start":{"line":3,"column":0},"end":{"line":3,"column":13}}},"fnMap":{"0":{"name":"(anonymous_0)","decl":{"start":{"line":4,"column":2},"end":{"line":4,"column":31}},"loc":{"start":{"line":4,"column":68},"end":{"line":4,"column":72}}},"1":{"name":"(anonymous_1)","decl":{"start":{"line":6,"column":2},"end":{"line":6,"column":15}},"loc":{"start":{"line":6,"column":15},"end":{"line":8,"column":3}}},"2":{"name":"(anonymous_2)","decl":{"start":{"line":10,"column":2},"end":{"line":10,"column":18}},"loc":{"start":{"line":10,"column":18},"end":{"line":12,"column":3}}},"3":{"name":"(anonymous_3)","decl":{"start":{"line":14,"column":2},"end":{"line":14,"column":16}},"loc":{"start":{"line":14,"column":16},"end":{"line":16,"column":3}}},"4":{"name":"(anonymous_4)","decl":{"start":{"line":18,"column":2},"end":{"line":18,"column":15}},"loc":{"start":{"line":18,"column":15},"end":{"line":20,"column":3}}},"5":{"name":"(anonymous_5)","decl":{"start":{"line":22,"column":2},"end":{"line":22,"column":22}},"loc":{"start":{"line":22,"column":22},"end":{"line":24,"column":3}}},"6":{"name":"(anonymous_6)","decl":{"start":{"line":26,"column":2},"end":{"line":26,"column":23}},"loc":{"start":{"line":26,"column":23},"end":{"line":28,"column":3}}}},"branchMap":{},"s":{"0":28,"1":5,"2":3,"3":3,"4":1,"5":3,"6":3,"7":5},"f":{"0":28,"1":5,"2":3,"3":3,"4":1,"5":3,"6":3},"b":{}}
,"D:\\Projects\\auth-core-vault\\libs\\auth-vault\\src\\tokens\\auth-strategies.token.ts": {"path":"D:\\Projects\\auth-core-vault\\libs\\auth-vault\\src\\tokens\\auth-strategies.token.ts","statementMap":{"0":{"start":{"line":1,"column":13},"end":{"line":1,"column":63}}},"fnMap":{},"branchMap":{},"s":{"0":9},"f":{},"b":{}}
,"D:\\Projects\\auth-core-vault\\libs\\auth-vault\\src\\tokens\\auth-strategy-config.token.ts": {"path":"D:\\Projects\\auth-core-vault\\libs\\auth-vault\\src\\tokens\\auth-strategy-config.token.ts","statementMap":{"0":{"start":{"line":1,"column":13},"end":{"line":1,"column":67}}},"fnMap":{},"branchMap":{},"s":{"0":9},"f":{},"b":{}}
,"D:\\Projects\\auth-core-vault\\libs\\auth-vault\\src\\tokens\\auth-vault-options.token.ts": {"path":"D:\\Projects\\auth-core-vault\\libs\\auth-vault\\src\\tokens\\auth-vault-options.token.ts","statementMap":{"0":{"start":{"line":1,"column":13},"end":{"line":1,"column":55}}},"fnMap":{},"branchMap":{},"s":{"0":9},"f":{},"b":{}}
,"D:\\Projects\\auth-core-vault\\libs\\auth-vault\\src\\tokens\\auth-vault-service.token.ts": {"path":"D:\\Projects\\auth-core-vault\\libs\\auth-vault\\src\\tokens\\auth-vault-service.token.ts","statementMap":{"0":{"start":{"line":1,"column":13},"end":{"line":1,"column":66}}},"fnMap":{},"branchMap":{},"s":{"0":9},"f":{},"b":{}}
,"D:\\Projects\\auth-core-vault\\libs\\auth-vault\\src\\tokens\\index.ts": {"path":"D:\\Projects\\auth-core-vault\\libs\\auth-vault\\src\\tokens\\index.ts","statementMap":{"0":{"start":{"line":4,"column":0},"end":{"line":4,"column":40}},"1":{"start":{"line":5,"column":0},"end":{"line":5,"column":43}},"2":{"start":{"line":6,"column":0},"end":{"line":6,"column":45}},"3":{"start":{"line":7,"column":0},"end":{"line":7,"column":43}}},"fnMap":{},"branchMap":{},"s":{"0":9,"1":9,"2":9,"3":9},"f":{},"b":{}}
,"D:\\Projects\\auth-core-vault\\libs\\auth-vault\\src\\types\\index.ts": {"path":"D:\\Projects\\auth-core-vault\\libs\\auth-vault\\src\\types\\index.ts","statementMap":{"0":{"start":{"line":4,"column":0},"end":{"line":4,"column":38}},"1":{"start":{"line":5,"column":0},"end":{"line":5,"column":39}},"2":{"start":{"line":6,"column":0},"end":{"line":6,"column":46}},"3":{"start":{"line":7,"column":0},"end":{"line":7,"column":42}},"4":{"start":{"line":8,"column":0},"end":{"line":8,"column":41}},"5":{"start":{"line":9,"column":0},"end":{"line":9,"column":44}},"6":{"start":{"line":10,"column":0},"end":{"line":10,"column":55}},"7":{"start":{"line":11,"column":0},"end":{"line":11,"column":42}},"8":{"start":{"line":12,"column":0},"end":{"line":12,"column":44}}},"fnMap":{},"branchMap":{},"s":{"0":5,"1":5,"2":5,"3":5,"4":5,"5":5,"6":5,"7":5,"8":5},"f":{},"b":{}}
,"D:\\Projects\\auth-core-vault\\libs\\auth-vault\\src\\types\\strategy-config-dto.types.ts": {"path":"D:\\Projects\\auth-core-vault\\libs\\auth-vault\\src\\types\\strategy-config-dto.types.ts","statementMap":{"0":{"start":{"line":1,"column":0},"end":{"line":1,"column":83}},"1":{"start":{"line":4,"column":13},"end":{"line":6,"column":11}}},"fnMap":{},"branchMap":{},"s":{"0":5,"1":5},"f":{},"b":{}}
,"D:\\Projects\\auth-core-vault\\libs\\auth-vault\\src\\utils\\index.ts": {"path":"D:\\Projects\\auth-core-vault\\libs\\auth-vault\\src\\utils\\index.ts","statementMap":{"0":{"start":{"line":1,"column":0},"end":{"line":1,"column":32}},"1":{"start":{"line":2,"column":0},"end":{"line":2,"column":39}}},"fnMap":{},"branchMap":{},"s":{"0":6,"1":6},"f":{},"b":{}}
,"D:\\Projects\\auth-core-vault\\libs\\auth-vault\\src\\utils\\internal.util.ts": {"path":"D:\\Projects\\auth-core-vault\\libs\\auth-vault\\src\\utils\\internal.util.ts","statementMap":{"0":{"start":{"line":67,"column":0},"end":{"line":67,"column":16}},"1":{"start":{"line":2,"column":0},"end":{"line":2,"column":54}},"2":{"start":{"line":6,"column":30},"end":{"line":27,"column":1}},"3":{"start":{"line":10,"column":2},"end":{"line":15,"column":3}},"4":{"start":{"line":12,"column":24},"end":{"line":12,"column":46}},"5":{"start":{"line":14,"column":4},"end":{"line":14,"column":65}},"6":{"start":{"line":16,"column":2},"end":{"line":24,"column":3}},"7":{"start":{"line":18,"column":23},"end":{"line":18,"column":null}},"8":{"start":{"line":23,"column":4},"end":{"line":23,"column":60}},"9":{"start":{"line":26,"column":2},"end":{"line":26,"column":48}},"10":{"start":{"line":6,"column":13},"end":{"line":6,"column":30}},"11":{"start":{"line":29,"column":36},"end":{"line":41,"column":1}},"12":{"start":{"line":37,"column":2},"end":{"line":38,"column":78}},"13":{"start":{"line":38,"column":4},"end":{"line":38,"column":78}},"14":{"start":{"line":40,"column":2},"end":{"line":40,"column":17}},"15":{"start":{"line":29,"column":13},"end":{"line":29,"column":36}},"16":{"start":{"line":43,"column":45},"end":{"line":57,"column":1}},"17":{"start":{"line":47,"column":33},"end":{"line":47,"column":68}},"18":{"start":{"line":48,"column":18},"end":{"line":53,"column":null}},"19":{"start":{"line":56,"column":2},"end":{"line":56,"column":37}},"20":{"start":{"line":43,"column":13},"end":{"line":43,"column":45}},"21":{"start":{"line":71,"column":16},"end":{"line":71,"column":40}},"22":{"start":{"line":73,"column":2},"end":{"line":80,"column":3}},"23":{"start":{"line":74,"column":4},"end":{"line":76,"column":23}},"24":{"start":{"line":78,"column":4},"end":{"line":78,"column":34}},"25":{"start":{"line":78,"column":22},"end":{"line":78,"column":34}},"26":{"start":{"line":79,"column":4},"end":{"line":79,"column":14}}},"fnMap":{"0":{"name":"(anonymous_0)","decl":{"start":{"line":6,"column":30},"end":{"line":6,"column":null}},"loc":{"start":{"line":8,"column":18},"end":{"line":27,"column":1}}},"1":{"name":"(anonymous_1)","decl":{"start":{"line":29,"column":36},"end":{"line":29,"column":null}},"loc":{"start":{"line":35,"column":4},"end":{"line":41,"column":1}}},"2":{"name":"(anonymous_2)","decl":{"start":{"line":43,"column":45},"end":{"line":43,"column":null}},"loc":{"start":{"line":46,"column":18},"end":{"line":57,"column":1}}},"3":{"name":"parseToken","decl":{"start":{"line":67,"column":16},"end":{"line":67,"column":26}},"loc":{"start":{"line":69,"column":24},"end":{"line":81,"column":1}}}},"branchMap":{"0":{"loc":{"start":{"line":10,"column":2},"end":{"line":15,"column":3}},"type":"if","locations":[{"start":{"line":10,"column":2},"end":{"line":15,"column":3}},{"start":{},"end":{}}]},"1":{"loc":{"start":{"line":16,"column":2},"end":{"line":24,"column":3}},"type":"if","locations":[{"start":{"line":16,"column":2},"end":{"line":24,"column":3}},{"start":{},"end":{}}]},"2":{"loc":{"start":{"line":37,"column":2},"end":{"line":38,"column":78}},"type":"if","locations":[{"start":{"line":37,"column":2},"end":{"line":38,"column":78}},{"start":{},"end":{}}]},"3":{"loc":{"start":{"line":37,"column":6},"end":{"line":37,"column":66}},"type":"binary-expr","locations":[{"start":{"line":37,"column":6},"end":{"line":37,"column":13}},{"start":{"line":37,"column":17},"end":{"line":37,"column":33}},{"start":{"line":37,"column":37},"end":{"line":37,"column":66}}]},"4":{"loc":{"start":{"line":71,"column":17},"end":{"line":71,"column":28}},"type":"binary-expr","locations":[{"start":{"line":71,"column":17},"end":{"line":71,"column":22}},{"start":{"line":71,"column":26},"end":{"line":71,"column":28}}]},"5":{"loc":{"start":{"line":78,"column":4},"end":{"line":78,"column":34}},"type":"if","locations":[{"start":{"line":78,"column":4},"end":{"line":78,"column":34}},{"start":{},"end":{}}]}},"s":{"0":8,"1":8,"2":8,"3":48,"4":44,"5":44,"6":4,"7":1,"8":1,"9":3,"10":8,"11":8,"12":40,"13":2,"14":40,"15":8,"16":8,"17":36,"18":36,"19":36,"20":8,"21":7,"22":7,"23":7,"24":5,"25":1,"26":4},"f":{"0":48,"1":40,"2":36,"3":7},"b":{"0":[44,4],"1":[1,3],"2":[2,38],"3":[40,37,3],"4":[7,2],"5":[1,4]}}
,"D:\\Projects\\auth-core-vault\\libs\\auth-vault\\src\\utils\\log-levels.validator.ts": {"path":"D:\\Projects\\auth-core-vault\\libs\\auth-vault\\src\\utils\\log-levels.validator.ts","statementMap":{"0":{"start":{"line":25,"column":0},"end":{"line":25,"column":16}},"1":{"start":{"line":1,"column":0},"end":{"line":1,"column":64}},"2":{"start":{"line":3,"column":21},"end":{"line":4,"column":null}},"3":{"start":{"line":7,"column":13},"end":{"line":7,"column":79}},"4":{"start":{"line":15,"column":4},"end":{"line":15,"column":19}},"5":{"start":{"line":12,"column":20},"end":{"line":12,"column":44}},"6":{"start":{"line":13,"column":20},"end":{"line":13,"column":54}},"7":{"start":{"line":16,"column":4},"end":{"line":16,"column":44}},"8":{"start":{"line":17,"column":4},"end":{"line":17,"column":77}},"9":{"start":{"line":9,"column":0},"end":{"line":9,"column":13}},"10":{"start":{"line":28,"column":2},"end":{"line":28,"column":38}},"11":{"start":{"line":28,"column":21},"end":{"line":28,"column":38}},"12":{"start":{"line":30,"column":14},"end":{"line":30,"column":52}},"13":{"start":{"line":31,"column":17},"end":{"line":31,"column":47}},"14":{"start":{"line":33,"column":29},"end":{"line":33,"column":31}},"15":{"start":{"line":34,"column":37},"end":{"line":34,"column":39}},"16":{"start":{"line":36,"column":2},"end":{"line":42,"column":3}},"17":{"start":{"line":37,"column":4},"end":{"line":41,"column":5}},"18":{"start":{"line":38,"column":6},"end":{"line":38,"column":44}},"19":{"start":{"line":40,"column":6},"end":{"line":40,"column":25}},"20":{"start":{"line":44,"column":2},"end":{"line":50,"column":3}},"21":{"start":{"line":45,"column":4},"end":{"line":49,"column":6}},"22":{"start":{"line":52,"column":2},"end":{"line":52,"column":48}}},"fnMap":{"0":{"name":"(anonymous_0)","decl":{"start":{"line":10,"column":2},"end":{"line":10,"column":null}},"loc":{"start":{"line":13,"column":54},"end":{"line":18,"column":3}}},"1":{"name":"validateAndNormalizeLogLevels","decl":{"start":{"line":25,"column":16},"end":{"line":25,"column":45}},"loc":{"start":{"line":26,"column":60},"end":{"line":53,"column":1}}}},"branchMap":{"0":{"loc":{"start":{"line":28,"column":2},"end":{"line":28,"column":38}},"type":"if","locations":[{"start":{"line":28,"column":2},"end":{"line":28,"column":38}},{"start":{},"end":{}}]},"1":{"loc":{"start":{"line":30,"column":14},"end":{"line":30,"column":52}},"type":"cond-expr","locations":[{"start":{"line":30,"column":37},"end":{"line":30,"column":42}},{"start":{"line":30,"column":45},"end":{"line":30,"column":52}}]},"2":{"loc":{"start":{"line":37,"column":4},"end":{"line":41,"column":5}},"type":"if","locations":[{"start":{"line":37,"column":4},"end":{"line":41,"column":5}},{"start":{"line":39,"column":11},"end":{"line":41,"column":5}}]},"3":{"loc":{"start":{"line":44,"column":2},"end":{"line":50,"column":3}},"type":"if","locations":[{"start":{"line":44,"column":2},"end":{"line":50,"column":3}},{"start":{},"end":{}}]},"4":{"loc":{"start":{"line":52,"column":9},"end":{"line":52,"column":47}},"type":"cond-expr","locations":[{"start":{"line":52,"column":30},"end":{"line":52,"column":39}},{"start":{"line":52,"column":42},"end":{"line":52,"column":47}}]}},"s":{"0":8,"1":8,"2":8,"3":8,"4":7,"5":7,"6":7,"7":7,"8":7,"9":8,"10":40,"11":24,"12":16,"13":16,"14":16,"15":16,"16":16,"17":21,"18":15,"19":6,"20":16,"21":6,"22":10},"f":{"0":7,"1":40},"b":{"0":[24,16],"1":[10,6],"2":[15,6],"3":[6,10],"4":[2,8]}}
}
