TN:
SF:libs\auth-vault\src\auth-vault.module.ts
FN:38,(anonymous_1)
FN:69,(anonymous_2)
FN:91,(anonymous_3)
FN:106,(anonymous_4)
FN:120,(anonymous_5)
FN:131,buildAsyncOptionsProvider
FN:150,(anonymous_7)
FNF:7
FNH:7
FNDA:3,(anonymous_1)
FNDA:5,(anonymous_2)
FNDA:2,(anonymous_3)
FNDA:3,(anonymous_4)
FNDA:5,(anonymous_5)
FNDA:9,buildAsyncOptionsProvider
FNDA:1,(anonymous_7)
DA:1,2
DA:2,2
DA:3,2
DA:7,2
DA:8,2
DA:9,2
DA:17,2
DA:33,2
DA:39,3
DA:40,3
DA:44,2
DA:46,2
DA:70,5
DA:71,4
DA:77,4
DA:92,2
DA:93,2
DA:109,3
DA:110,3
DA:123,5
DA:131,2
DA:134,9
DA:135,5
DA:142,4
DA:143,4
DA:144,1
DA:148,3
DA:153,1
LF:28
LH:28
BRDA:48,0,0,2
BRDA:48,0,1,1
BRDA:79,1,0,4
BRDA:79,1,1,1
BRDA:134,2,0,5
BRDA:134,2,1,4
BRDA:138,3,0,5
BRDA:138,3,1,1
BRDA:142,4,0,4
BRDA:142,4,1,2
BRDA:143,5,0,1
BRDA:143,5,1,3
BRF:12
BRH:12
end_of_record
TN:
SF:libs\auth-vault\src\auth-vault.providers.ts
FN:47,buildGuardOptionsFromLibrary
FN:70,buildCoreProviders
FN:74,(anonymous_2)
FN:80,(anonymous_3)
FN:80,(anonymous_4)
FN:106,buildOptionsProvidersSync
FN:131,buildOptionsProvidersAsync
FN:135,(anonymous_7)
FN:140,(anonymous_8)
FN:146,(anonymous_9)
FN:152,(anonymous_10)
FN:159,buildProviders
FN:167,buildFeatureProviders
FN:188,(anonymous_13)
FN:188,(anonymous_14)
FN:194,(anonymous_15)
FN:208,(anonymous_16)
FN:213,(anonymous_17)
FN:230,(anonymous_18)
FN:245,(anonymous_19)
FN:260,(anonymous_20)
FN:277,buildFeatureProvidersAsync
FN:290,(anonymous_22)
FN:295,(anonymous_23)
FN:301,(anonymous_24)
FN:307,(anonymous_25)
FN:313,(anonymous_26)
FN:313,(anonymous_27)
FN:319,(anonymous_28)
FN:342,(anonymous_29)
FN:347,(anonymous_30)
FN:364,(anonymous_31)
FN:379,(anonymous_32)
FN:394,(anonymous_33)
FNF:34
FNH:34
FNDA:13,buildGuardOptionsFromLibrary
FNDA:6,buildCoreProviders
FNDA:2,(anonymous_2)
FNDA:2,(anonymous_3)
FNDA:10,(anonymous_4)
FNDA:2,buildOptionsProvidersSync
FNDA:4,buildOptionsProvidersAsync
FNDA:1,(anonymous_7)
FNDA:1,(anonymous_8)
FNDA:1,(anonymous_9)
FNDA:1,(anonymous_10)
FNDA:3,buildProviders
FNDA:2,buildFeatureProviders
FNDA:1,(anonymous_13)
FNDA:5,(anonymous_14)
FNDA:1,(anonymous_15)
FNDA:1,(anonymous_16)
FNDA:1,(anonymous_17)
FNDA:1,(anonymous_18)
FNDA:1,(anonymous_19)
FNDA:1,(anonymous_20)
FNDA:3,buildFeatureProvidersAsync
FNDA:2,(anonymous_22)
FNDA:2,(anonymous_23)
FNDA:2,(anonymous_24)
FNDA:2,(anonymous_25)
FNDA:2,(anonymous_26)
FNDA:5,(anonymous_27)
FNDA:2,(anonymous_28)
FNDA:1,(anonymous_29)
FNDA:1,(anonymous_30)
FNDA:1,(anonymous_31)
FNDA:1,(anonymous_32)
FNDA:1,(anonymous_33)
DA:2,2
DA:3,2
DA:4,2
DA:9,2
DA:15,2
DA:19,2
DA:26,2
DA:38,2
DA:39,2
DA:40,2
DA:43,2
DA:45,2
DA:50,13
DA:51,13
DA:70,2
DA:71,6
DA:75,2
DA:80,2
DA:81,10
DA:106,2
DA:109,2
DA:110,2
DA:131,2
DA:132,4
DA:135,1
DA:141,1
DA:147,1
DA:153,1
DA:159,2
DA:160,3
DA:161,3
DA:163,2
DA:167,2
DA:170,2
DA:171,2
DA:173,2
DA:175,2
DA:178,2
DA:180,2
DA:188,1
DA:189,5
DA:199,1
DA:208,1
DA:217,1
DA:235,1
DA:250,1
DA:265,1
DA:277,2
DA:280,3
DA:286,3
DA:290,2
DA:296,2
DA:302,2
DA:308,2
DA:313,2
DA:314,5
DA:324,2
DA:325,2
DA:330,2
DA:331,1
DA:332,1
DA:342,1
DA:351,1
DA:369,1
DA:384,1
DA:399,1
LF:66
LH:66
BRDA:50,0,0,13
BRDA:50,0,1,13
BRDA:59,1,0,13
BRDA:59,1,1,13
BRDA:63,2,0,13
BRDA:63,2,1,13
BRDA:64,3,0,13
BRDA:64,3,1,13
BRDA:161,4,0,1
BRDA:161,4,1,2
BRDA:171,5,0,0
BRDA:171,5,1,2
BRDA:178,6,0,0
BRDA:178,6,1,2
BRDA:283,7,0,3
BRDA:283,7,1,0
BRDA:325,8,0,2
BRDA:325,8,1,0
BRDA:330,9,0,1
BRDA:330,9,1,1
BRF:20
BRH:16
end_of_record
TN:
SF:libs\auth-vault\src\auth-vault.service.ts
FN:40,(anonymous_4)
FN:54,(anonymous_5)
FN:56,(anonymous_6)
FN:67,(anonymous_7)
FN:78,(anonymous_8)
FN:89,(anonymous_9)
FN:102,(anonymous_10)
FN:117,(anonymous_11)
FN:126,(anonymous_12)
FN:137,(anonymous_13)
FNF:10
FNH:10
FNDA:22,(anonymous_4)
FNDA:21,(anonymous_5)
FNDA:21,(anonymous_6)
FNDA:2,(anonymous_7)
FNDA:2,(anonymous_8)
FNDA:2,(anonymous_9)
FNDA:4,(anonymous_10)
FNDA:1,(anonymous_11)
FNDA:2,(anonymous_12)
FNDA:2,(anonymous_13)
DA:1,3
DA:8,3
DA:11,3
DA:12,3
DA:36,3
DA:42,22
DA:44,22
DA:48,22
DA:49,22
DA:50,22
DA:51,21
DA:55,21
DA:56,21
DA:59,21
DA:61,20
DA:68,2
DA:70,2
DA:72,1
DA:79,2
DA:81,2
DA:83,1
DA:92,2
DA:94,2
DA:96,1
DA:103,4
DA:105,4
DA:107,3
DA:108,1
DA:109,2
DA:110,1
DA:111,1
DA:120,1
DA:130,2
DA:131,2
DA:138,2
DA:139,2
LF:36
LH:36
BRDA:50,0,0,1
BRDA:50,0,1,21
BRDA:59,1,0,1
BRDA:59,1,1,20
BRDA:70,2,0,1
BRDA:70,2,1,1
BRDA:81,3,0,1
BRDA:81,3,1,1
BRDA:94,4,0,1
BRDA:94,4,1,1
BRDA:105,5,0,1
BRDA:105,5,1,3
BRDA:107,6,0,1
BRDA:107,6,1,2
BRDA:109,7,0,1
BRDA:109,7,1,1
BRDA:131,8,0,1
BRDA:131,8,1,1
BRDA:139,9,0,1
BRDA:139,9,1,1
BRF:20
BRH:20
end_of_record
TN:
SF:libs\auth-vault\src\index.ts
FNF:0
FNH:0
DA:8,1
DA:9,1
DA:10,1
DA:11,1
DA:12,1
DA:13,1
DA:14,1
DA:15,1
DA:16,1
LF:9
LH:9
BRF:0
BRH:0
end_of_record
TN:
SF:libs\auth-vault\src\constants\auth-guard.const.ts
FNF:0
FNH:0
DA:3,7
DA:4,7
LF:2
LH:2
BRF:0
BRH:0
end_of_record
TN:
SF:libs\auth-vault\src\constants\auth-messages.const.ts
FNF:0
FNH:0
DA:7,12
DA:45,12
DA:56,12
DA:67,12
DA:72,12
DA:78,12
DA:83,12
DA:89,12
LF:8
LH:8
BRF:0
BRH:0
end_of_record
TN:
SF:libs\auth-vault\src\constants\auth-metadata.const.ts
FN:2,(anonymous_0)
FN:10,(anonymous_1)
FN:18,(anonymous_2)
FNF:3
FNH:3
FNDA:7,(anonymous_0)
FNDA:7,(anonymous_1)
FNDA:7,(anonymous_2)
DA:2,7
DA:4,7
DA:6,7
DA:10,7
DA:12,7
DA:14,7
DA:18,7
DA:20,7
DA:22,7
LF:9
LH:9
BRDA:2,0,0,7
BRDA:2,0,1,7
BRDA:10,1,0,7
BRDA:10,1,1,7
BRDA:18,2,0,7
BRDA:18,2,1,7
BRF:6
BRH:6
end_of_record
TN:
SF:libs\auth-vault\src\constants\auth-method-header.const.ts
FNF:0
FNH:0
DA:1,10
LF:1
LH:1
BRF:0
BRH:0
end_of_record
TN:
SF:libs\auth-vault\src\constants\auth-vault-logger-factory.const.ts
FNF:0
FNH:0
DA:1,9
LF:1
LH:1
BRF:0
BRH:0
end_of_record
TN:
SF:libs\auth-vault\src\constants\default-http.const.ts
FNF:0
FNH:0
DA:2,7
DA:3,7
DA:5,7
DA:12,7
DA:18,7
LF:5
LH:5
BRF:0
BRH:0
end_of_record
TN:
SF:libs\auth-vault\src\constants\enforcer-options.const.ts
FNF:0
FNH:0
DA:1,7
LF:1
LH:1
BRF:0
BRH:0
end_of_record
TN:
SF:libs\auth-vault\src\constants\index.ts
FNF:0
FNH:0
DA:4,7
DA:5,7
DA:6,7
DA:7,7
DA:8,7
DA:9,7
DA:10,7
DA:11,7
LF:8
LH:8
BRF:0
BRH:0
end_of_record
TN:
SF:libs\auth-vault\src\constants\resource-guard.const.ts
FNF:0
FNH:0
DA:2,7
LF:1
LH:1
BRF:0
BRH:0
end_of_record
TN:
SF:libs\auth-vault\src\constants\role-guard.const.ts
FNF:0
FNH:0
DA:1,7
LF:1
LH:1
BRF:0
BRH:0
end_of_record
TN:
SF:libs\auth-vault\src\constants\token-validation.const.ts
FN:2,(anonymous_0)
FNF:1
FNH:1
FNDA:1,(anonymous_0)
DA:2,1
DA:4,1
DA:6,1
LF:3
LH:3
BRDA:2,0,0,1
BRDA:2,0,1,1
BRF:2
BRH:2
end_of_record
TN:
SF:libs\auth-vault\src\decorators\access-token.decorator.ts
FN:8,getAccessTokenFromContext
FN:22,(anonymous_1)
FNF:2
FNH:2
FNDA:2,getAccessTokenFromContext
FNDA:1,(anonymous_1)
DA:1,6
DA:2,6
DA:8,6
DA:11,2
DA:12,2
DA:21,6
DA:23,1
LF:7
LH:7
BRF:0
BRH:0
end_of_record
TN:
SF:libs\auth-vault\src\decorators\auth-user.decorator.ts
FN:11,getAuthUserFromContext
FN:23,(anonymous_1)
FNF:2
FNH:2
FNDA:2,getAuthUserFromContext
FNDA:1,(anonymous_1)
DA:1,6
DA:2,6
DA:11,6
DA:12,2
DA:13,2
DA:22,6
DA:24,1
LF:7
LH:7
BRF:0
BRH:0
end_of_record
TN:
SF:libs\auth-vault\src\decorators\conditional-scopes.decorator.ts
FN:15,(anonymous_0)
FNF:1
FNH:1
FNDA:1,(anonymous_0)
DA:1,6
DA:4,6
DA:15,6
DA:16,1
LF:4
LH:4
BRF:0
BRH:0
end_of_record
TN:
SF:libs\auth-vault\src\decorators\enforcer-options.decorator.ts
FN:13,(anonymous_0)
FNF:1
FNH:1
FNDA:1,(anonymous_0)
DA:1,6
DA:2,6
DA:13,6
DA:14,1
LF:4
LH:4
BRF:0
BRH:0
end_of_record
TN:
SF:libs\auth-vault\src\decorators\index.ts
FNF:0
FNH:0
DA:4,6
DA:5,6
DA:6,6
DA:7,6
DA:8,6
DA:9,6
DA:10,6
DA:11,6
DA:12,6
DA:13,6
LF:10
LH:10
BRF:0
BRH:0
end_of_record
TN:
SF:libs\auth-vault\src\decorators\public.decorator.ts
FN:8,(anonymous_0)
FNF:1
FNH:1
FNDA:1,(anonymous_0)
DA:1,7
DA:3,7
DA:8,7
LF:3
LH:3
BRF:0
BRH:0
end_of_record
TN:
SF:libs\auth-vault\src\decorators\resolved-scopes.decorator.ts
FN:7,getResolvedScopesFromContext
FN:21,(anonymous_1)
FNF:2
FNH:2
FNDA:2,getResolvedScopesFromContext
FNDA:1,(anonymous_1)
DA:1,6
DA:2,6
DA:7,6
DA:10,2
DA:11,2
DA:20,6
DA:22,1
LF:7
LH:7
BRF:0
BRH:0
end_of_record
TN:
SF:libs\auth-vault\src\decorators\resource.decorator.ts
FN:14,(anonymous_0)
FNF:1
FNH:1
FNDA:1,(anonymous_0)
DA:1,6
DA:4,6
DA:14,6
DA:15,1
LF:4
LH:4
BRF:0
BRH:0
end_of_record
TN:
SF:libs\auth-vault\src\decorators\role-match-mode.decorator.ts
FN:16,(anonymous_0)
FNF:1
FNH:1
FNDA:1,(anonymous_0)
DA:1,6
DA:5,6
DA:16,6
DA:17,1
LF:4
LH:4
BRF:0
BRH:0
end_of_record
TN:
SF:libs\auth-vault\src\decorators\role.decorator.ts
FN:14,(anonymous_0)
FNF:1
FNH:1
FNDA:1,(anonymous_0)
DA:1,6
DA:4,6
DA:14,6
LF:3
LH:3
BRF:0
BRH:0
end_of_record
TN:
SF:libs\auth-vault\src\decorators\scopes.decorator.ts
FN:13,(anonymous_0)
FNF:1
FNH:1
FNDA:1,(anonymous_0)
DA:1,6
DA:3,6
DA:13,6
LF:3
LH:3
BRF:0
BRH:0
end_of_record
TN:
SF:libs\auth-vault\src\dto\index.ts
FNF:0
FNH:0
DA:5,2
DA:6,2
DA:7,2
DA:8,2
DA:9,2
DA:10,2
DA:11,2
DA:12,2
DA:13,2
DA:14,2
DA:15,2
DA:16,2
DA:17,2
DA:18,2
DA:19,2
DA:20,2
DA:21,2
DA:22,2
DA:23,2
DA:24,2
DA:25,2
LF:21
LH:21
BRF:0
BRH:0
end_of_record
TN:
SF:libs\auth-vault\src\dto\login-credentials.dto.ts
FNF:0
FNH:0
DA:1,2
DA:2,2
DA:5,2
DA:12,2
DA:20,2
LF:5
LH:5
BRF:0
BRH:0
end_of_record
TN:
SF:libs\auth-vault\src\dto\login-error-response.dto.ts
FNF:0
FNH:0
DA:1,2
DA:5,2
DA:6,2
DA:8,2
DA:15,2
DA:23,2
DA:32,2
LF:7
LH:7
BRF:0
BRH:0
end_of_record
TN:
SF:libs\auth-vault\src\dto\login-response.dto.ts
FNF:0
FNH:0
DA:1,2
DA:2,2
DA:4,2
DA:11,2
DA:19,2
DA:28,2
DA:37,2
DA:45,2
DA:54,2
DA:62,2
LF:10
LH:10
BRF:0
BRH:0
end_of_record
TN:
SF:libs\auth-vault\src\dto\logout-credentials.dto.ts
FN:9,(anonymous_2)
FN:15,(anonymous_3)
FNF:2
FNH:2
FNDA:4,(anonymous_2)
FNDA:4,(anonymous_3)
DA:1,3
DA:2,3
DA:5,3
DA:7,3
DA:9,4
DA:12,3
DA:15,4
DA:18,3
LF:8
LH:8
BRF:0
BRH:0
end_of_record
TN:
SF:libs\auth-vault\src\dto\logout-error-response.dto.ts
FNF:0
FNH:0
DA:1,2
DA:2,2
DA:4,2
DA:10,2
DA:17,2
DA:26,2
LF:6
LH:6
BRF:0
BRH:0
end_of_record
TN:
SF:libs\auth-vault\src\dto\logout-response.dto.ts
FNF:0
FNH:0
DA:1,2
DA:2,2
DA:4,2
DA:10,2
LF:4
LH:4
BRF:0
BRH:0
end_of_record
TN:
SF:libs\auth-vault\src\dto\realm-access.dto.ts
FNF:0
FNH:0
DA:1,2
DA:2,2
DA:5,2
DA:13,2
LF:4
LH:4
BRF:0
BRH:0
end_of_record
TN:
SF:libs\auth-vault\src\dto\refresh-token-credentials.dto.ts
FNF:0
FNH:0
DA:1,2
DA:2,2
DA:4,2
DA:10,2
LF:4
LH:4
BRF:0
BRH:0
end_of_record
TN:
SF:libs\auth-vault\src\dto\refresh-token-error-response.dto.ts
FNF:0
FNH:0
DA:1,2
DA:2,2
DA:4,2
DA:11,2
DA:19,2
DA:28,2
LF:6
LH:6
BRF:0
BRH:0
end_of_record
TN:
SF:libs\auth-vault\src\dto\refresh-token-response.dto.ts
FNF:0
FNH:0
DA:1,2
DA:2,2
DA:4,2
DA:10,2
DA:17,2
DA:24,2
DA:31,2
DA:38,2
DA:45,2
DA:52,2
LF:10
LH:10
BRF:0
BRH:0
end_of_record
TN:
SF:libs\auth-vault\src\dto\resource-access.dto.ts
FNF:0
FNH:0
DA:1,2
DA:2,2
DA:5,2
DA:13,2
LF:4
LH:4
BRF:0
BRH:0
end_of_record
TN:
SF:libs\auth-vault\src\dto\token-credentials.dto.ts
FNF:0
FNH:0
DA:1,2
DA:2,2
DA:5,2
DA:12,2
LF:4
LH:4
BRF:0
BRH:0
end_of_record
TN:
SF:libs\auth-vault\src\dto\user-info-error-response.dto.ts
FNF:0
FNH:0
DA:1,2
DA:2,2
DA:3,2
DA:8,2
DA:15,2
DA:23,2
DA:32,2
LF:7
LH:7
BRF:0
BRH:0
end_of_record
TN:
SF:libs\auth-vault\src\dto\user-info-response.dto.ts
FNF:0
FNH:0
DA:1,2
DA:2,2
DA:4,2
DA:10,2
DA:17,2
DA:24,2
DA:31,2
DA:38,2
DA:45,2
DA:52,2
DA:59,2
LF:11
LH:11
BRF:0
BRH:0
end_of_record
TN:
SF:libs\auth-vault\src\dto\validate-error-response.dto.ts
FNF:0
FNH:0
DA:1,2
LF:1
LH:1
BRF:0
BRH:0
end_of_record
TN:
SF:libs\auth-vault\src\dto\validate-response.dto.ts
FNF:0
FNH:0
DA:1,2
DA:2,2
DA:11,2
DA:17,2
DA:23,2
DA:30,2
DA:37,2
DA:44,2
DA:52,2
DA:60,2
DA:68,2
DA:76,2
DA:84,2
DA:92,2
DA:100,2
DA:108,2
DA:116,2
DA:124,2
DA:132,2
DA:145,2
DA:153,2
DA:161,2
DA:172,2
LF:23
LH:23
BRDA:153,0,0,1
BRDA:153,0,1,1
BRDA:153,1,0,2
BRDA:153,1,1,1
BRDA:161,2,0,0
BRDA:161,2,1,2
BRDA:161,3,0,2
BRDA:161,3,1,0
BRDA:172,4,0,0
BRDA:172,4,1,2
BRDA:172,5,0,2
BRDA:172,5,1,0
BRF:12
BRH:8
end_of_record
TN:
SF:libs\auth-vault\src\guards\auth.guard.ts
FN:44,(anonymous_4)
FN:57,(anonymous_5)
FN:120,(anonymous_6)
FNF:3
FNH:3
FNDA:20,(anonymous_4)
FNDA:13,(anonymous_5)
FNDA:12,(anonymous_6)
DA:1,4
DA:9,4
DA:10,4
DA:16,4
DA:20,4
DA:23,4
DA:24,4
DA:41,4
DA:46,20
DA:47,20
DA:52,20
DA:54,20
DA:58,13
DA:63,13
DA:64,13
DA:74,13
DA:77,12
DA:80,12
DA:83,12
DA:84,6
DA:85,6
DA:89,6
DA:91,3
DA:93,3
DA:95,3
DA:96,1
DA:97,1
DA:99,1
DA:101,1
DA:105,1
DA:108,2
DA:109,1
DA:113,1
DA:116,1
DA:117,1
DA:124,12
DA:125,6
DA:126,6
DA:129,6
DA:132,6
DA:133,2
DA:134,2
DA:137,4
LF:43
LH:43
BRDA:63,0,0,13
BRDA:63,0,1,12
BRDA:74,1,0,1
BRDA:74,1,1,12
BRDA:77,2,0,12
BRDA:77,2,1,8
BRDA:80,3,0,12
BRDA:80,3,1,3
BRDA:83,4,0,6
BRDA:83,4,1,6
BRDA:83,5,0,12
BRDA:83,5,1,8
BRDA:89,6,0,3
BRDA:89,6,1,3
BRDA:89,7,0,6
BRDA:89,7,1,4
BRDA:95,8,0,1
BRDA:95,8,1,2
BRDA:108,9,0,1
BRDA:108,9,1,1
BRDA:124,10,0,6
BRDA:124,10,1,6
BRDA:124,11,0,12
BRDA:124,11,1,11
BRDA:129,12,0,6
BRDA:129,12,1,1
BRDA:132,13,0,2
BRDA:132,13,1,4
BRDA:47,14,0,4
BRDA:47,14,1,0
BRDA:47,15,0,4
BRDA:47,15,1,4
BRF:32
BRH:31
end_of_record
TN:
SF:libs\auth-vault\src\guards\index.ts
FNF:0
FNH:0
DA:5,3
DA:6,3
DA:7,3
LF:3
LH:3
BRF:0
BRH:0
end_of_record
TN:
SF:libs\auth-vault\src\guards\resource.guard.ts
FN:57,(anonymous_4)
FN:70,(anonymous_5)
FN:176,(anonymous_6)
FNF:3
FNH:3
FNDA:19,(anonymous_4)
FNDA:13,(anonymous_5)
FNDA:4,(anonymous_6)
DA:1,4
DA:9,4
DA:11,4
DA:18,4
DA:20,4
DA:31,4
DA:33,4
DA:54,4
DA:58,19
DA:60,19
DA:65,19
DA:67,19
DA:71,13
DA:77,13
DA:79,13
DA:84,13
DA:89,13
DA:97,13
DA:101,13
DA:104,13
DA:105,13
DA:111,13
DA:113,12
DA:114,1
DA:117,1
DA:120,11
DA:121,4
DA:122,1
DA:126,3
DA:129,3
DA:131,1
DA:136,7
DA:140,7
DA:143,7
DA:145,7
DA:146,2
DA:147,1
DA:151,1
DA:154,1
DA:156,1
DA:159,5
DA:163,5
DA:165,5
DA:166,1
DA:169,1
DA:172,4
DA:176,4
DA:178,4
DA:179,1
DA:182,1
DA:185,3
DA:188,3
LF:52
LH:52
BRDA:77,0,0,13
BRDA:77,0,1,6
BRDA:97,1,0,13
BRDA:97,1,1,10
BRDA:97,1,2,9
BRDA:104,2,0,13
BRDA:104,2,1,13
BRDA:111,3,0,1
BRDA:111,3,1,12
BRDA:113,4,0,1
BRDA:113,4,1,11
BRDA:113,5,0,12
BRDA:113,5,1,6
BRDA:120,6,0,4
BRDA:120,6,1,7
BRDA:121,7,0,1
BRDA:121,7,1,3
BRDA:136,8,0,2
BRDA:136,8,1,5
BRDA:137,9,0,2
BRDA:137,9,1,1
BRDA:145,10,0,2
BRDA:145,10,1,5
BRDA:145,11,0,7
BRDA:145,11,1,7
BRDA:146,12,0,1
BRDA:146,12,1,1
BRDA:163,13,0,5
BRDA:163,13,1,1
BRDA:165,14,0,1
BRDA:165,14,1,4
BRDA:178,15,0,1
BRDA:178,15,1,3
BRDA:58,16,0,4
BRDA:58,16,1,0
BRDA:58,17,0,4
BRDA:58,17,1,4
BRF:37
BRH:36
end_of_record
TN:
SF:libs\auth-vault\src\guards\role.guard.ts
FN:41,(anonymous_4)
FN:54,(anonymous_5)
FN:99,(anonymous_6)
FN:100,(anonymous_7)
FN:111,(anonymous_8)
FNF:5
FNH:5
FNDA:24,(anonymous_4)
FNDA:14,(anonymous_5)
FNDA:5,(anonymous_6)
FNDA:7,(anonymous_7)
FNDA:14,(anonymous_8)
DA:1,4
DA:2,4
DA:10,4
DA:11,4
DA:13,4
DA:14,4
DA:15,4
DA:18,4
DA:19,4
DA:38,4
DA:42,24
DA:44,24
DA:49,24
DA:51,24
DA:55,14
DA:57,14
DA:60,13
DA:65,13
DA:66,4
DA:67,4
DA:70,9
DA:75,9
DA:76,9
DA:82,9
DA:84,9
DA:85,1
DA:86,1
DA:89,8
DA:90,1
DA:91,1
DA:94,7
DA:98,7
DA:99,5
DA:100,7
DA:102,7
DA:104,2
DA:105,2
DA:108,5
DA:112,14
DA:114,14
DA:115,14
DA:117,2
DA:121,2
DA:122,2
DA:125,11
DA:129,11
DA:130,11
DA:133,1
DA:135,13
LF:49
LH:49
BRDA:55,0,0,14
BRDA:55,0,1,13
BRDA:60,1,0,13
BRDA:60,1,1,5
BRDA:65,2,0,4
BRDA:65,2,1,9
BRDA:75,3,0,9
BRDA:75,3,1,9
BRDA:82,4,0,0
BRDA:82,4,1,9
BRDA:84,5,0,1
BRDA:84,5,1,8
BRDA:89,6,0,1
BRDA:89,6,1,7
BRDA:98,7,0,3
BRDA:98,7,1,4
BRDA:102,8,0,5
BRDA:102,8,1,2
BRDA:112,9,0,14
BRDA:112,9,1,11
BRDA:115,10,0,2
BRDA:115,10,1,11
BRDA:115,10,2,1
BRDA:121,11,0,1
BRDA:121,11,1,1
BRDA:129,12,0,9
BRDA:129,12,1,2
BRDA:42,13,0,4
BRDA:42,13,1,0
BRDA:42,14,0,4
BRDA:42,14,1,4
BRF:31
BRH:29
end_of_record
TN:
SF:libs\auth-vault\src\interfaces\auth-vault-module-options.interface.ts
FNF:0
FNH:0
DA:8,8
LF:1
LH:1
BRF:0
BRH:0
end_of_record
TN:
SF:libs\auth-vault\src\interfaces\index.ts
FNF:0
FNH:0
DA:4,8
DA:5,8
DA:6,8
DA:7,8
DA:8,8
DA:9,8
DA:10,8
DA:11,8
DA:12,8
LF:9
LH:9
BRF:0
BRH:0
end_of_record
TN:
SF:libs\auth-vault\src\logger\auth-vault.logger.ts
FN:11,(anonymous_0)
FN:19,(anonymous_1)
FN:26,(anonymous_2)
FN:31,(anonymous_3)
FN:36,(anonymous_4)
FN:41,(anonymous_5)
FN:46,(anonymous_6)
FNF:7
FNH:7
FNDA:28,(anonymous_0)
FNDA:27,(anonymous_1)
FNDA:6,(anonymous_2)
FNDA:10,(anonymous_3)
FNDA:3,(anonymous_4)
FNDA:4,(anonymous_5)
FNDA:4,(anonymous_6)
DA:1,3
DA:3,3
DA:4,3
DA:6,3
DA:15,28
DA:16,28
DA:20,27
DA:21,27
DA:22,16
DA:23,11
DA:27,6
DA:28,2
DA:32,10
DA:33,7
DA:37,3
DA:38,1
DA:42,4
DA:43,2
DA:47,4
DA:48,3
LF:20
LH:20
BRDA:21,0,0,11
BRDA:21,0,1,16
BRDA:22,1,0,5
BRDA:22,1,1,11
BRDA:22,2,0,16
BRDA:22,2,1,16
BRDA:27,3,0,2
BRDA:27,3,1,4
BRDA:32,4,0,7
BRDA:32,4,1,3
BRDA:37,5,0,1
BRDA:37,5,1,2
BRDA:42,6,0,2
BRDA:42,6,1,2
BRDA:47,7,0,3
BRDA:47,7,1,1
BRF:16
BRH:16
end_of_record
TN:
SF:libs\auth-vault\src\strategies\auth-strategy.abstract.ts
FN:49,(anonymous_0)
FN:76,(anonymous_1)
FN:106,(anonymous_2)
FN:117,(anonymous_3)
FN:141,(anonymous_4)
FN:146,(anonymous_5)
FN:153,(anonymous_6)
FN:164,(anonymous_7)
FN:185,(anonymous_8)
FNF:9
FNH:9
FNDA:32,(anonymous_0)
FNDA:30,(anonymous_1)
FNDA:6,(anonymous_2)
FNDA:13,(anonymous_3)
FNDA:5,(anonymous_4)
FNDA:4,(anonymous_5)
FNDA:4,(anonymous_6)
FNDA:4,(anonymous_7)
FNDA:3,(anonymous_8)
DA:1,5
DA:2,5
DA:3,5
DA:11,5
DA:19,5
DA:40,5
DA:54,32
DA:55,2
DA:56,2
DA:57,2
DA:58,2
DA:60,30
DA:61,30
DA:63,30
DA:65,30
DA:70,26
DA:72,26
DA:81,30
DA:91,30
DA:92,1
DA:93,1
DA:94,1
DA:98,29
DA:104,29
DA:105,3
DA:106,6
DA:109,3
DA:110,3
DA:111,3
DA:114,26
DA:123,13
DA:124,1
DA:126,12
DA:128,12
DA:130,12
DA:142,5
DA:144,5
DA:146,5
DA:147,1
DA:150,1
DA:154,4
DA:157,4
DA:159,4
DA:160,1
DA:164,4
DA:169,8
DA:186,3
DA:188,3
DA:189,1
DA:191,2
DA:193,1
LF:51
LH:51
BRDA:54,0,0,2
BRDA:54,0,1,30
BRDA:91,1,0,1
BRDA:91,1,1,29
BRDA:91,2,0,30
BRDA:91,2,1,29
BRDA:104,3,0,3
BRDA:104,3,1,26
BRDA:106,4,0,6
BRDA:106,4,1,1
BRDA:123,5,0,1
BRDA:123,5,1,12
BRDA:144,6,0,5
BRDA:144,6,1,5
BRDA:146,7,0,4
BRDA:146,7,1,1
BRDA:147,8,0,1
BRDA:147,8,1,0
BRDA:147,9,0,1
BRDA:147,9,1,1
BRDA:148,10,0,1
BRDA:148,10,1,0
BRDA:159,11,0,1
BRDA:159,11,1,3
BRDA:159,12,0,4
BRDA:159,12,1,4
BRDA:159,12,2,3
BRDA:188,13,0,1
BRDA:188,13,1,2
BRDA:188,14,0,3
BRDA:188,14,1,1
BRDA:191,15,0,1
BRDA:191,15,1,1
BRF:33
BRH:31
end_of_record
TN:
SF:libs\auth-vault\src\strategies\config-dto.index.ts
FN:1,(anonymous_0)
FNF:1
FNH:1
FNDA:3,(anonymous_0)
DA:1,4
LF:1
LH:1
BRF:0
BRH:0
end_of_record
TN:
SF:libs\auth-vault\src\strategies\strategies.registry.ts
FNF:0
FNH:0
DA:1,3
DA:3,3
DA:7,3
LF:3
LH:3
BRF:0
BRH:0
end_of_record
TN:
SF:libs\auth-vault\src\strategies\keycloak\keycloak.strategy.ts
FN:31,(anonymous_4)
FN:43,(anonymous_5)
FN:47,(anonymous_6)
FN:100,(anonymous_7)
FN:151,(anonymous_8)
FN:201,(anonymous_9)
FN:240,(anonymous_10)
FN:292,(anonymous_11)
FN:295,(anonymous_12)
FN:298,(anonymous_13)
FN:300,(anonymous_14)
FN:305,(anonymous_15)
FN:308,(anonymous_16)
FN:312,(anonymous_17)
FN:315,(anonymous_18)
FNF:15
FNH:15
FNDA:20,(anonymous_4)
FNDA:20,(anonymous_5)
FNDA:3,(anonymous_6)
FNDA:2,(anonymous_7)
FNDA:2,(anonymous_8)
FNDA:2,(anonymous_9)
FNDA:2,(anonymous_10)
FNDA:2,(anonymous_11)
FNDA:2,(anonymous_12)
FNDA:1,(anonymous_13)
FNDA:1,(anonymous_14)
FNDA:2,(anonymous_15)
FNDA:1,(anonymous_16)
FNDA:2,(anonymous_17)
FNDA:1,(anonymous_18)
DA:1,4
DA:2,4
DA:3,4
DA:4,4
DA:12,4
DA:13,4
DA:18,4
DA:21,4
DA:28,4
DA:34,20
DA:38,20
DA:40,20
DA:44,20
DA:51,3
DA:59,3
DA:60,3
DA:69,1
DA:70,1
DA:83,2
DA:86,2
DA:88,2
DA:104,2
DA:105,2
DA:110,2
DA:120,2
DA:122,2
DA:124,2
DA:125,1
DA:128,1
DA:135,1
DA:138,1
DA:139,1
DA:154,2
DA:155,2
DA:162,2
DA:170,1
DA:172,1
DA:185,1
DA:188,1
DA:189,1
DA:204,2
DA:205,2
DA:212,1
DA:213,1
DA:222,1
DA:225,1
DA:227,1
DA:243,2
DA:244,2
DA:248,2
DA:257,2
DA:258,2
DA:259,1
DA:269,1
DA:275,1
DA:278,1
DA:279,1
DA:293,2
DA:294,2
DA:295,2
DA:297,2
DA:298,1
DA:300,2
DA:302,2
DA:306,2
DA:307,2
DA:308,1
DA:309,2
DA:310,1
DA:311,2
DA:312,2
DA:315,2
DA:316,2
LF:73
LH:73
BRDA:86,0,0,2
BRDA:86,0,1,0
BRDA:91,1,0,2
BRDA:91,1,1,1
BRDA:94,2,0,2
BRDA:94,2,1,1
BRDA:106,3,0,2
BRDA:106,3,1,0
BRDA:107,4,0,2
BRDA:107,4,1,0
BRDA:120,5,0,2
BRDA:120,5,1,0
BRDA:122,6,0,2
BRDA:122,6,1,2
BRDA:122,6,2,2
BRDA:124,7,0,1
BRDA:124,7,1,1
BRDA:124,8,0,2
BRDA:124,8,1,2
BRDA:138,9,0,1
BRDA:138,9,1,0
BRDA:142,10,0,1
BRDA:142,10,1,0
BRDA:145,11,0,1
BRDA:145,11,1,0
BRDA:188,12,0,1
BRDA:188,12,1,0
BRDA:192,13,0,1
BRDA:192,13,1,0
BRDA:195,14,0,1
BRDA:195,14,1,0
BRDA:225,15,0,1
BRDA:225,15,1,0
BRDA:229,16,0,1
BRDA:229,16,1,0
BRDA:231,17,0,1
BRDA:231,17,1,0
BRDA:234,18,0,1
BRDA:234,18,1,1
BRDA:258,19,0,1
BRDA:258,19,1,1
BRDA:258,20,0,2
BRDA:258,20,1,2
BRDA:263,21,0,1
BRDA:263,21,1,1
BRDA:264,22,0,1
BRDA:264,22,1,1
BRDA:278,23,0,1
BRDA:278,23,1,0
BRDA:281,24,0,1
BRDA:281,24,1,0
BRDA:283,25,0,1
BRDA:283,25,1,0
BRDA:286,26,0,1
BRDA:286,26,1,0
BRDA:294,27,0,1
BRDA:294,27,1,1
BRDA:297,28,0,1
BRDA:297,28,1,1
BRDA:300,29,0,1
BRDA:300,29,1,1
BRDA:307,30,0,1
BRDA:307,30,1,1
BRDA:309,31,0,1
BRDA:309,31,1,1
BRDA:309,32,0,2
BRDA:309,32,1,1
BRDA:311,33,0,2
BRDA:311,33,1,0
BRDA:315,34,0,1
BRDA:315,34,1,1
BRDA:34,35,0,4
BRDA:34,35,1,0
BRDA:34,36,0,4
BRDA:34,36,1,4
BRF:75
BRH:56
end_of_record
TN:
SF:libs\auth-vault\src\strategies\keycloak\dto\keycloak-config.dto.ts
FNF:0
FNH:0
DA:1,6
DA:14,6
DA:17,6
DA:21,6
DA:25,6
DA:30,6
DA:35,6
DA:40,6
DA:45,6
DA:51,6
DA:56,6
DA:61,6
LF:12
LH:12
BRF:0
BRH:0
end_of_record
TN:
SF:libs\auth-vault\src\strategies\keycloak\mappers\auth-keycloak.mapper.ts
FN:6,getAuthErrorMessage
FNF:1
FNH:1
FNDA:12,getAuthErrorMessage
DA:1,5
DA:6,5
DA:9,12
DA:19,12
LF:4
LH:4
BRDA:19,0,0,12
BRDA:19,0,1,4
BRDA:19,1,0,12
BRDA:19,1,1,2
BRF:4
BRH:4
end_of_record
TN:
SF:libs\auth-vault\src\strategies\keycloak\services\keycloak-url.builder.ts
FN:4,(anonymous_0)
FN:6,(anonymous_1)
FN:10,(anonymous_2)
FN:14,(anonymous_3)
FN:18,(anonymous_4)
FN:22,(anonymous_5)
FN:26,(anonymous_6)
FNF:7
FNH:7
FNDA:28,(anonymous_0)
FNDA:5,(anonymous_1)
FNDA:3,(anonymous_2)
FNDA:3,(anonymous_3)
FNDA:1,(anonymous_4)
FNDA:3,(anonymous_5)
FNDA:3,(anonymous_6)
DA:3,5
DA:4,28
DA:7,5
DA:11,3
DA:15,3
DA:19,1
DA:23,3
DA:27,3
LF:8
LH:8
BRF:0
BRH:0
end_of_record
TN:
SF:libs\auth-vault\src\tokens\auth-strategies.token.ts
FNF:0
FNH:0
DA:1,9
LF:1
LH:1
BRF:0
BRH:0
end_of_record
TN:
SF:libs\auth-vault\src\tokens\auth-strategy-config.token.ts
FNF:0
FNH:0
DA:1,9
LF:1
LH:1
BRF:0
BRH:0
end_of_record
TN:
SF:libs\auth-vault\src\tokens\auth-vault-options.token.ts
FNF:0
FNH:0
DA:1,9
LF:1
LH:1
BRF:0
BRH:0
end_of_record
TN:
SF:libs\auth-vault\src\tokens\auth-vault-service.token.ts
FNF:0
FNH:0
DA:1,9
LF:1
LH:1
BRF:0
BRH:0
end_of_record
TN:
SF:libs\auth-vault\src\tokens\index.ts
FNF:0
FNH:0
DA:4,9
DA:5,9
DA:6,9
DA:7,9
LF:4
LH:4
BRF:0
BRH:0
end_of_record
TN:
SF:libs\auth-vault\src\types\index.ts
FNF:0
FNH:0
DA:4,5
DA:5,5
DA:6,5
DA:7,5
DA:8,5
DA:9,5
DA:10,5
DA:11,5
DA:12,5
LF:9
LH:9
BRF:0
BRH:0
end_of_record
TN:
SF:libs\auth-vault\src\types\strategy-config-dto.types.ts
FNF:0
FNH:0
DA:1,5
DA:4,5
LF:2
LH:2
BRF:0
BRH:0
end_of_record
TN:
SF:libs\auth-vault\src\utils\index.ts
FNF:0
FNH:0
DA:1,6
DA:2,6
LF:2
LH:2
BRF:0
BRH:0
end_of_record
TN:
SF:libs\auth-vault\src\utils\internal.util.ts
FN:6,(anonymous_0)
FN:29,(anonymous_1)
FN:43,(anonymous_2)
FN:67,parseToken
FNF:4
FNH:4
FNDA:48,(anonymous_0)
FNDA:40,(anonymous_1)
FNDA:36,(anonymous_2)
FNDA:7,parseToken
DA:2,8
DA:6,8
DA:10,48
DA:12,44
DA:14,44
DA:16,4
DA:18,1
DA:23,1
DA:26,3
DA:29,8
DA:37,40
DA:38,2
DA:40,40
DA:43,8
DA:47,36
DA:48,36
DA:56,36
DA:67,8
DA:71,7
DA:73,7
DA:74,7
DA:78,5
DA:79,4
LF:23
LH:23
BRDA:10,0,0,44
BRDA:10,0,1,4
BRDA:16,1,0,1
BRDA:16,1,1,3
BRDA:37,2,0,2
BRDA:37,2,1,38
BRDA:37,3,0,40
BRDA:37,3,1,37
BRDA:37,3,2,3
BRDA:71,4,0,7
BRDA:71,4,1,2
BRDA:78,5,0,1
BRDA:78,5,1,4
BRF:13
BRH:13
end_of_record
TN:
SF:libs\auth-vault\src\utils\log-levels.validator.ts
FN:10,(anonymous_0)
FN:25,validateAndNormalizeLogLevels
FNF:2
FNH:2
FNDA:7,(anonymous_0)
FNDA:40,validateAndNormalizeLogLevels
DA:1,8
DA:3,8
DA:7,8
DA:9,8
DA:12,7
DA:13,7
DA:15,7
DA:16,7
DA:17,7
DA:25,8
DA:28,40
DA:30,16
DA:31,16
DA:33,16
DA:34,16
DA:36,16
DA:37,21
DA:38,15
DA:40,6
DA:44,16
DA:45,6
DA:52,10
LF:22
LH:22
BRDA:28,0,0,24
BRDA:28,0,1,16
BRDA:30,1,0,10
BRDA:30,1,1,6
BRDA:37,2,0,15
BRDA:37,2,1,6
BRDA:44,3,0,6
BRDA:44,3,1,10
BRDA:52,4,0,2
BRDA:52,4,1,8
BRF:10
BRH:10
end_of_record
